This file contains any messages produced by compilers while
running configure, to aid debugging if configure makes a mistake.

It was created by VMGLProto configure 0.1.0, which was
generated by GNU Autoconf 2.63.  Invocation command line was

  $ ./configure 

## --------- ##
## Platform. ##
## --------- ##

hostname = vmgltest
uname -m = x86_64
uname -r = 2.6.32-131.17.1.el6.x86_64
uname -s = Linux
uname -v = #1 SMP Thu Sep 29 10:24:25 EDT 2011

/usr/bin/uname -p = unknown
/bin/uname -X     = unknown

/bin/arch              = x86_64
/usr/bin/arch -k       = unknown
/usr/convex/getsysinfo = unknown
/usr/bin/hostinfo      = unknown
/bin/machine           = unknown
/usr/bin/oslevel       = unknown
/bin/universe          = unknown

PATH: /usr/lib64/qt-3.3/bin
PATH: /usr/local/bin
PATH: /usr/bin
PATH: /bin
PATH: /usr/local/sbin
PATH: /usr/sbin
PATH: /sbin


## ----------- ##
## Core tests. ##
## ----------- ##

configure:1793: checking for a BSD-compatible install
configure:1861: result: /usr/bin/install -c
configure:1872: checking whether build environment is sane
configure:1932: result: yes
configure:2073: checking for a thread-safe mkdir -p
configure:2112: result: /bin/mkdir -p
configure:2125: checking for gawk
configure:2141: found /usr/bin/gawk
configure:2152: result: gawk
configure:2163: checking whether make sets $(MAKE)
configure:2185: result: yes
configure:2449: creating ./config.status

## ---------------------- ##
## Running config.status. ##
## ---------------------- ##

This file was extended by VMGLProto config.status 0.1.0, which was
generated by GNU Autoconf 2.63.  Invocation command line was

  CONFIG_FILES    = 
  CONFIG_HEADERS  = 
  CONFIG_LINKS    = 
  CONFIG_COMMANDS = 
  $ ./config.status 

on vmgltest

config.status:662: creating Makefile
config.status:662: creating vmglproto.pc

## ---------------- ##
## Cache variables. ##
## ---------------- ##

ac_cv_env_build_alias_set=
ac_cv_env_build_alias_value=
ac_cv_env_host_alias_set=
ac_cv_env_host_alias_value=
ac_cv_env_target_alias_set=
ac_cv_env_target_alias_value=
ac_cv_path_install='/usr/bin/install -c'
ac_cv_path_mkdir=/bin/mkdir
ac_cv_prog_AWK=gawk
ac_cv_prog_make_make_set=yes

## ----------------- ##
## Output variables. ##
## ----------------- ##

ACLOCAL='${SHELL} /usr/local/share/vmgl-0.2/vmgl/vmglproto/missing --run aclocal-1.11'
AMTAR='${SHELL} /usr/local/share/vmgl-0.2/vmgl/vmglproto/missing --run tar'
AUTOCONF='${SHELL} /usr/local/share/vmgl-0.2/vmgl/vmglproto/missing --run autoconf'
AUTOHEADER='${SHELL} /usr/local/share/vmgl-0.2/vmgl/vmglproto/missing --run autoheader'
AUTOMAKE='${SHELL} /usr/local/share/vmgl-0.2/vmgl/vmglproto/missing --run automake-1.11'
AWK='gawk'
CYGPATH_W='echo'
DEFS='-DPACKAGE_NAME=\"VMGLProto\" -DPACKAGE_TARNAME=\"vmglproto\" -DPACKAGE_VERSION=\"0.1.0\" -DPACKAGE_STRING=\"VMGLProto\ 0.1.0\" -DPACKAGE_BUGREPORT=\"http://www.cs.toronto.edu/\~andreslc/vmgl\" -DPACKAGE=\"vmglproto\" -DVERSION=\"0.1.0\" -DPACKAGE_VERSION_MAJOR=0 -DPACKAGE_VERSION_MINOR=1 -DPACKAGE_VERSION_PATCHLEVEL=0'
ECHO_C=''
ECHO_N='-n'
ECHO_T=''
INSTALL_DATA='${INSTALL} -m 644'
INSTALL_PROGRAM='${INSTALL}'
INSTALL_SCRIPT='${INSTALL}'
INSTALL_STRIP_PROGRAM='$(install_sh) -c -s'
LIBOBJS=''
LIBS=''
LTLIBOBJS=''
MAKEINFO='${SHELL} /usr/local/share/vmgl-0.2/vmgl/vmglproto/missing --run makeinfo'
MKDIR_P='/bin/mkdir -p'
PACKAGE='vmglproto'
PACKAGE_BUGREPORT='http://www.cs.toronto.edu/~andreslc/vmgl'
PACKAGE_NAME='VMGLProto'
PACKAGE_STRING='VMGLProto 0.1.0'
PACKAGE_TARNAME='vmglproto'
PACKAGE_VERSION='0.1.0'
PATH_SEPARATOR=':'
SET_MAKE=''
SHELL='/bin/sh'
STRIP=''
VERSION='0.1.0'
am__isrc=''
am__leading_dot='.'
am__tar='${AMTAR} chof - "$$tardir"'
am__untar='${AMTAR} xf -'
bindir='${exec_prefix}/bin'
build_alias=''
datadir='${datarootdir}'
datarootdir='${prefix}/share'
docdir='${datarootdir}/doc/${PACKAGE_TARNAME}'
dvidir='${docdir}'
exec_prefix='${prefix}'
host_alias=''
htmldir='${docdir}'
includedir='${prefix}/include'
infodir='${datarootdir}/info'
install_sh='${SHELL} /usr/local/share/vmgl-0.2/vmgl/vmglproto/install-sh'
libdir='${exec_prefix}/lib'
libexecdir='${exec_prefix}/libexec'
localedir='${datarootdir}/locale'
localstatedir='${prefix}/var'
mandir='${datarootdir}/man'
mkdir_p='/bin/mkdir -p'
oldincludedir='/usr/include'
pdfdir='${docdir}'
prefix='/usr/local'
program_transform_name='s,x,x,'
psdir='${docdir}'
sbindir='${exec_prefix}/sbin'
sharedstatedir='${prefix}/com'
sysconfdir='${prefix}/etc'
target_alias=''

## ----------- ##
## confdefs.h. ##
## ----------- ##

#define PACKAGE_NAME "VMGLProto"
#define PACKAGE_TARNAME "vmglproto"
#define PACKAGE_VERSION "0.1.0"
#define PACKAGE_STRING "VMGLProto 0.1.0"
#define PACKAGE_BUGREPORT "http://www.cs.toronto.edu/~andreslc/vmgl"
#define PACKAGE "vmglproto"
#define VERSION "0.1.0"
#define PACKAGE_VERSION_MAJOR 0
#define PACKAGE_VERSION_MINOR 1
#define PACKAGE_VERSION_PATCHLEVEL 0

configure: exit 0
