autoscan: warning: missing AC_CHECK_FUNCS([bzero]) wanted by: 
	dix/events.c:4333
	dix/events.c:4443
	dix/colormap.c:302
	dix/colormap.c:303
	dix/colormap.c:340
	dix/colormap.c:341
	dix/colormap.c:349
	dix/colormap.c:350
	dix/dispatch.c:3096
	dix/dixfonts.c:1097
	record/record.c:1498
	record/record.c:1672
	record/record.c:2056
	mi/miarc.c:3234
	mi/miarc.c:3236
	Xext/xvdisp.c:1873
	Xext/panoramiXprocs.c:1924
	Xext/panoramiXprocs.c:1941
	Xext/xace.c:327
	os/utils.c:997
	os/utils.c:1086
	os/utils.c:1101
	os/utils.c:1246
	os/access.c:314
	os/access.c:1042
	os/xdmcp.c:341
	os/xdmcp.c:1486
	os/xdmcp.c:1619
	os/xdmauth.c:142
	os/connection.c:186
	xkb/XKBGAlloc.c:481
	xkb/XKBGAlloc.c:704
	xkb/XKBGAlloc.c:714
	xkb/XKBGAlloc.c:761
	xkb/XKBGAlloc.c:786
	xkb/XKBGAlloc.c:804
	xkb/XKBGAlloc.c:819
	xkb/XKBGAlloc.c:899
	xkb/XKBGAlloc.c:963
	xkb/xkbUtils.c:285
	xkb/xkbUtils.c:591
	xkb/xkbUtils.c:976
	xkb/xkbUtils.c:1504
	xkb/xkbUtils.c:1582
	xkb/XKBMisc.c:583
	xkb/XKBMisc.c:599
	xkb/xkbEvents.c:1045
	xkb/XKBAlloc.c:83
	xkb/XKBAlloc.c:100
	xkb/xkbActions.c:1033
	xkb/xkmread.c:83
	xkb/xkmread.c:728
	xkb/xkmread.c:729
	xkb/maprules.c:273
	xkb/maprules.c:415
	xkb/maprules.c:498
	xkb/maprules.c:837
	xkb/maprules.c:879
	xkb/maprules.c:901
	xkb/maprules.c:915
	xkb/maprules.c:916
	xkb/maprules.c:923
	xkb/maprules.c:928
	xkb/maprules.c:1000
	xkb/xkbLEDs.c:266
	xkb/xkbLEDs.c:276
	xkb/xkbLEDs.c:365
	xkb/xkbLEDs.c:366
	xkb/xkbLEDs.c:738
	xkb/xkbLEDs.c:754
	xkb/xkbLEDs.c:781
	xkb/xkbLEDs.c:791
	xkb/xkbLEDs.c:858
	xkb/xkbLEDs.c:868
	xkb/xkbLEDs.c:920
	xkb/xkbLEDs.c:946
	xkb/XKBMAlloc.c:87
	xkb/XKBMAlloc.c:180
	xkb/XKBMAlloc.c:370
	xkb/XKBMAlloc.c:463
	xkb/XKBMAlloc.c:493
	xkb/XKBMAlloc.c:517
	xkb/XKBMAlloc.c:570
	xkb/XKBMAlloc.c:580
	xkb/XKBMAlloc.c:591
	xkb/XKBMAlloc.c:601
	xkb/XKBMAlloc.c:611
	xkb/XKBMAlloc.c:622
	xkb/XKBMAlloc.c:646
	xkb/XKBMAlloc.c:664
	xkb/XKBMAlloc.c:683
	xkb/XKBMAlloc.c:701
	xkb/XKBMAlloc.c:719
	xkb/XKBMAlloc.c:738
	xkb/XKBMAlloc.c:792
	xkb/xkb.c:560
	xkb/xkb.c:1432
	xkb/xkb.c:2175
	xkb/xkb.c:2193
	xkb/xkb.c:2248
	xkb/xkb.c:2282
	xkb/xkb.c:2314
	xkb/xkb.c:2441
	xkb/xkb.c:2855
	xkb/xkb.c:3388
	xkb/xkb.c:3389
	xkb/xkb.c:4042
	xkb/xkb.c:4164
	xkb/xkb.c:4479
	xkb/xkb.c:5291
	xkb/xkb.c:5498
	xkb/xkb.c:5517
	xkb/xkb.c:5623
	xkb/xkb.c:5658
	xkb/xkb.c:6122
	xkb/xkb.c:6330
	xkb/xkb.c:6331
	xkb/xkb.c:6352
	xkb/xkb.c:6356
	xkb/xkb.c:6370
	xkb/xkb.c:6449
	miext/cw/cw.c:333
	hw/xfree86/os-support/solaris/sun_bell.c:67
	hw/xfree86/vbe/vbe.c:349
	hw/xfree86/vbe/vbe.c:508
	hw/xfree86/common/xf86Config.c:1247
	hw/xfree86/common/xf86Config.c:1302
	hw/xfree86/common/xf86Config.c:1391
	hw/xfree86/common/xf86Config.c:1862
	hw/xfree86/common/xf86Init.c:215
	hw/xfree86/common/xf86Init.c:216
	hw/xfree86/common/xf86Cursor.c:593
	hw/xfree86/common/xf86Bus.c:669
	hw/xfree86/common/xf86Helper.c:276
	hw/vfb/InitOutput.c:610
autoscan: warning: missing AC_CHECK_FUNCS([dup2]) wanted by: 
	os/utils.c:1431
	os/utils.c:1438
	os/utils.c:1508
	os/utils.c:1515
	os/backtrace.c:145
	os/osinit.c:244
autoscan: warning: missing AC_CHECK_FUNCS([floor]) wanted by: 
	mi/miarc.c:1534
	mi/miarc.c:1551
	mi/miarc.c:2489
	mi/miarc.c:2489
	mi/miarc.c:2492
	mi/miarc.c:2784
	mi/miarc.c:2786
	mi/miarc.c:3606
	mi/mifillarc.c:250
	mi/mifillarc.c:254
	mi/mifillarc.c:451
	mi/mifillarc.c:452
	mi/mifillarc.c:458
	mi/mifillarc.c:471
	mi/miwideline.c:726
	mi/miwideline.c:743
	mi/miwideline.c:835
	xkb/xkbActions.c:463
	xkb/xkbActions.c:466
	hw/xfree86/modes/xf86RandR12.c:329
	hw/xfree86/modes/xf86RandR12.c:330
	hw/xfree86/modes/xf86Cursors.c:332
	hw/xfree86/modes/xf86Cursors.c:333
	hw/xfree86/i2c/fi1236.c:261
	hw/xfree86/i2c/fi1236.c:262
	hw/xfree86/i2c/fi1236.c:263
	hw/xfree86/xaa/xaaWideLine.c:481
	hw/xfree86/xaa/xaaWideLine.c:490
	hw/xfree86/xaa/xaaWideLine.c:561
	hw/xfree86/utils/cvt/cvt.c:265
autoscan: warning: missing AC_CHECK_FUNCS([ftruncate]) wanted by: 
	hw/xquartz/xpr/dri.c:864
autoscan: warning: missing AC_CHECK_FUNCS([gethostname]) wanted by: 
	os/utils.c:995
	os/access.c:391
	hw/xfree86/parser/scan.c:673
	hw/vfb/InitOutput.c:779
autoscan: warning: missing AC_CHECK_FUNCS([getmntent]) wanted by: 
	hw/xwin/InitOutput.c:333
autoscan: warning: missing AC_CHECK_FUNCS([getpagesize]) wanted by: 
	Xext/xf86bigfont.c:182
	hw/kdrive/fbdev/fbdev.c:78
	hw/xfree86/int10/generic.c:60
	hw/xfree86/int10/generic.c:84
	hw/xfree86/int10/generic.c:150
	hw/xfree86/int10/generic.c:306
	hw/xfree86/int10/generic.c:319
	hw/xfree86/int10/generic.c:352
	hw/xfree86/int10/generic.c:380
	hw/xfree86/int10/helper_exec.c:676
	hw/xfree86/int10/helper_exec.c:695
	hw/xfree86/os-support/bsd/alpha_video.c:376
	hw/xfree86/os-support/bsd/arm_video.c:249
	hw/xfree86/os-support/bsd/i386_video.c:295
	hw/xfree86/os-support/linux/lnx_video.c:423
	hw/xfree86/os-support/linux/lnx_video.c:477
	hw/xfree86/os-support/linux/int10/linux.c:154
	hw/xfree86/os-support/linux/int10/linux.c:410
	hw/xfree86/os-support/linux/int10/linux.c:439
	hw/xfree86/os-support/shared/bios_mmap.c:58
	hw/xfree86/os-support/shared/bios_mmap.c:120
	hw/xfree86/os-support/bus/linuxPci.c:296
	hw/xfree86/os-support/bus/Sbus.c:616
	hw/xfree86/os-support/bus/Sbus.c:642
	hw/xfree86/os-support/sco/sco_video.c:124
	hw/xfree86/os-support/solaris/sun_vid.c:191
autoscan: warning: missing AC_CHECK_FUNCS([gettimeofday]) wanted by: 
	glx/glxdricommon.c:50
	hw/dmx/dmxsync.c:75
	hw/dmx/dmxsync.c:77
	hw/dmx/input/usb-keyboard.c:272
	hw/dmx/examples/xinput.c:300
	hw/xfree86/dri/dri.c:1964
autoscan: warning: missing AC_CHECK_FUNCS([inet_ntoa]) wanted by: 
	os/connection.c:523
	hw/xfree86/dixmods/VMGLExtension.c:86
autoscan: warning: missing AC_CHECK_FUNCS([memchr]) wanted by: 
	os/access.c:1772
	os/access.c:1802
autoscan: warning: missing AC_CHECK_FUNCS([munmap]) wanted by: 
	hw/xquartz/xpr/dri.c:938
	hw/kdrive/fbdev/fbdev.c:746
	hw/kdrive/src/kmap.c:88
	hw/xfree86/fbdevhw/fbdevhw.c:709
	hw/xfree86/fbdevhw/fbdevhw.c:757
	hw/xfree86/os-support/sysv/sysv_video.c:222
	hw/xfree86/os-support/bsd/sparc64_video.c:82
	hw/xfree86/os-support/bsd/alpha_video.c:230
	hw/xfree86/os-support/bsd/alpha_video.c:250
	hw/xfree86/os-support/bsd/alpha_video.c:356
	hw/xfree86/os-support/bsd/alpha_video.c:394
	hw/xfree86/os-support/bsd/arm_video.c:144
	hw/xfree86/os-support/bsd/arm_video.c:229
	hw/xfree86/os-support/bsd/arm_video.c:267
	hw/xfree86/os-support/bsd/arm_video.c:396
	hw/xfree86/os-support/bsd/arm_video.c:655
	hw/xfree86/os-support/bsd/ppc_video.c:97
	hw/xfree86/os-support/bsd/ppc_video.c:149
	hw/xfree86/os-support/bsd/i386_video.c:130
	hw/xfree86/os-support/bsd/i386_video.c:163
	hw/xfree86/os-support/bsd/i386_video.c:275
	hw/xfree86/os-support/bsd/i386_video.c:318
	hw/xfree86/os-support/linux/lnx_video.c:480
	hw/xfree86/os-support/linux/lnx_video.c:552
	hw/xfree86/os-support/linux/lnx_video.c:707
	hw/xfree86/os-support/linux/lnx_video.c:710
	hw/xfree86/os-support/linux/int10/linux.c:310
	hw/xfree86/os-support/linux/int10/linux.c:330
	hw/xfree86/os-support/linux/int10/linux.c:392
	hw/xfree86/os-support/shared/bios_mmap.c:74
	hw/xfree86/os-support/shared/bios_mmap.c:136
	hw/xfree86/os-support/bus/Sbus.c:646
	hw/xfree86/os-support/sco/sco_video.c:251
	hw/xfree86/os-support/solaris/sun_vid.c:157
	hw/xfree86/os-support/solaris/sun_vid.c:213
	hw/xfree86/os-support/solaris/sun_init.c:278
autoscan: warning: missing AC_CHECK_FUNCS([pow]) wanted by: 
	dix/ptrveloc.c:696
	dix/ptrveloc.c:751
	dix/ptrveloc.c:1104
	mi/miarc.c:77
	mi/miarc.c:79
	xkb/xkbActions.c:461
	xkb/xkbAccessX.c:64
	hw/xfree86/modes/xf86RandR12.c:1713
	hw/xfree86/modes/xf86Crtc.c:2229
	hw/xfree86/modes/xf86Crtc.c:2235
	hw/xfree86/modes/xf86Crtc.c:2241
	hw/xfree86/common/xf86cmap.c:873
	hw/xfree86/common/xf86cmap.c:879
	hw/xfree86/common/xf86cmap.c:885
autoscan: warning: missing AC_CHECK_FUNCS([putenv]) wanted by: 
	hw/xwin/InitOutput.c:609
	hw/xwin/InitOutput.c:617
	hw/xwin/InitOutput.c:625
	hw/xwin/InitOutput.c:650
	hw/xwin/winprefs.c:788
autoscan: warning: missing AC_CHECK_FUNCS([regcomp]) wanted by: 
	hw/xfree86/loader/loadmod.c:236
	hw/xfree86/loader/loadmod.c:255
autoscan: warning: missing AC_CHECK_FUNCS([rint]) wanted by: 
	hw/xfree86/modes/xf86gtf.c:145
	hw/xfree86/modes/xf86gtf.c:157
	hw/xfree86/modes/xf86gtf.c:158
	hw/xfree86/modes/xf86gtf.c:175
	hw/xfree86/modes/xf86gtf.c:184
	hw/xfree86/modes/xf86gtf.c:209
	hw/xfree86/modes/xf86gtf.c:267
	hw/xfree86/modes/xf86gtf.c:279
	hw/xfree86/modes/xf86gtf.c:309
	hw/xfree86/modes/xf86gtf.c:348
	hw/xfree86/utils/gtf/gtf.c:256
	hw/xfree86/utils/gtf/gtf.c:326
	hw/xfree86/utils/gtf/gtf.c:341
	hw/xfree86/utils/gtf/gtf.c:342
	hw/xfree86/utils/gtf/gtf.c:365
	hw/xfree86/utils/gtf/gtf.c:377
	hw/xfree86/utils/gtf/gtf.c:411
	hw/xfree86/utils/gtf/gtf.c:490
	hw/xfree86/utils/gtf/gtf.c:505
	hw/xfree86/utils/gtf/gtf.c:544
	hw/xfree86/utils/gtf/gtf.c:596
autoscan: warning: missing AC_CHECK_FUNCS([select]) wanted by: 
	hw/xwin/winclipboardwndproc.c:108
	hw/xwin/winclipboardthread.c:332
	hw/kdrive/linux/mouse.c:68
	hw/kdrive/linux/mouse.c:163
	hw/kdrive/linux/ps2.c:56
	hw/kdrive/linux/ms.c:59
	hw/dmx/input/lnx-ms.c:138
	hw/dmx/input/lnx-ps2.c:134
	hw/xfree86/os-support/shared/posix_tty.c:454
	hw/xfree86/os-support/shared/posix_tty.c:457
	hw/xfree86/os-support/shared/posix_tty.c:488
	hw/xfree86/os-support/shared/sigio.c:114
autoscan: warning: missing AC_CHECK_FUNCS([setenv]) wanted by: 
	hw/xquartz/X11Controller.m:357
	hw/xquartz/pbproxy/main.m:97
	hw/xquartz/mach-startup/bundle-main.c:447
	hw/xquartz/mach-startup/bundle-main.c:450
	hw/xquartz/mach-startup/bundle-main.c:482
	hw/xfree86/os-support/linux/lnx_kmod.c:80
autoscan: warning: missing AC_CHECK_FUNCS([setlocale]) wanted by: 
	hw/xwin/InitOutput.c:1036
autoscan: warning: missing AC_CHECK_FUNCS([socket]) wanted by: 
	os/xdmcp.c:1020
	os/xdmcp.c:1023
	hw/xquartz/mach-startup/bundle-main.c:260
	hw/xquartz/mach-startup/stub.c:124
	hw/xfree86/dixmods/VMGLExtension.c:314
	hw/xfree86/os-support/linux/lnx_acpi.c:143
autoscan: warning: missing AC_CHECK_FUNCS([sqrt]) wanted by: 
	dix/ptrveloc.c:466
	dix/ptrveloc.c:766
	mi/miarc.c:562
	mi/miarc.c:566
	mi/miarc.c:574
	mi/miarc.c:582
	mi/miarc.c:585
	mi/miarc.c:603
	mi/miarc.c:610
	mi/miarc.c:613
	mi/miarc.c:623
	mi/miarc.c:626
	mi/miarc.c:659
	mi/miarc.c:659
	mi/miarc.c:716
	mi/miarc.c:716
	mi/miarc.c:754
	mi/miarc.c:758
	mi/miarc.c:765
	mi/miarc.c:773
	mi/miarc.c:776
	mi/miarc.c:791
	mi/miarc.c:798
	mi/miarc.c:801
	mi/miarc.c:811
	mi/miarc.c:814
	mi/miarc.c:1394
	mi/miarc.c:2584
	mi/miarc.c:2599
	mi/miarc.c:2609
	mi/miarc.c:2619
	mi/miarc.c:2629
	mi/miarc.c:2640
	mi/miarc.c:2642
	mi/miarc.c:2889
	mi/miarc.c:3666
	hw/dmx/config/dmxconfig.c:258
	hw/xfree86/xaa/xaaWideLine.c:323
autoscan: warning: missing AC_CHECK_FUNCS([strcasecmp]) wanted by: 
	config/hal.c:293
	config/hal.c:298
	config/hal.c:303
	config/hal.c:308
	config/hal.c:313
	config/hal.c:330
	config/hal.c:348
	config/hal.c:352
	config/hal.c:356
	config/hal.c:360
	config/hal.c:364
	config/hal.c:377
	hw/xquartz/X11Application.m:626
	hw/xquartz/X11Application.m:626
	hw/xquartz/quartzKeyboard.c:570
	hw/xquartz/quartzKeyboard.c:571
	hw/xquartz/quartzKeyboard.c:572
	hw/xquartz/quartzKeyboard.c:573
	hw/xquartz/quartzKeyboard.c:574
	hw/xquartz/quartzKeyboard.c:575
	hw/xquartz/quartzKeyboard.c:576
	hw/xquartz/quartzKeyboard.c:577
	hw/xquartz/quartzKeyboard.c:578
	hw/xquartz/quartzKeyboard.c:579
	hw/xquartz/quartzKeyboard.c:580
	hw/xquartz/quartzKeyboard.c:581
	hw/xquartz/quartzKeyboard.c:582
	hw/xquartz/quartzKeyboard.c:583
	hw/xquartz/quartzKeyboard.c:584
	hw/xquartz/quartzKeyboard.c:587
	hw/xquartz/quartzKeyboard.c:588
	hw/xquartz/quartzKeyboard.c:589
	hw/xquartz/quartzKeyboard.c:590
	hw/xquartz/quartzKeyboard.c:591
	hw/xquartz/quartzKeyboard.c:592
	hw/xquartz/quartzKeyboard.c:593
	hw/xquartz/quartzKeyboard.c:594
	hw/xquartz/quartzKeyboard.c:595
	hw/xquartz/quartzKeyboard.c:596
	hw/xquartz/quartzKeyboard.c:597
	hw/xquartz/quartzKeyboard.c:598
	hw/xquartz/quartzKeyboard.c:599
	hw/xquartz/quartzKeyboard.c:600
	hw/xquartz/quartzKeyboard.c:601
	hw/xquartz/quartzKeyboard.c:605
	hw/xquartz/quartzKeyboard.c:606
	hw/xquartz/quartzKeyboard.c:607
	hw/xquartz/quartzKeyboard.c:608
	hw/xquartz/darwin.c:680
	hw/xquartz/darwin.c:693
	hw/kdrive/src/kinput.c:1089
	hw/kdrive/src/kinput.c:1091
	hw/kdrive/src/kinput.c:1093
	hw/kdrive/src/kinput.c:1095
	hw/kdrive/src/kinput.c:1097
	hw/kdrive/src/kinput.c:1099
	hw/kdrive/src/kinput.c:1194
	hw/kdrive/src/kinput.c:1196
	hw/dmx/dmxinit.c:952
	hw/dmx/dmxinit.c:954
	hw/dmx/dmxinit.c:956
	hw/dmx/dmxinit.c:958
	hw/dmx/dmxinit.c:960
	hw/dmx/config/dmxparse.c:386
	hw/xfree86/dixmods/xkbPrivate.c:28
	hw/xfree86/dixmods/xkbPrivate.c:30
	hw/xfree86/common/xf86Xinput.c:583
	hw/xfree86/common/xf86Xinput.c:595
	hw/xfree86/common/xf86Xinput.c:596
autoscan: warning: missing AC_CHECK_FUNCS([strcspn]) wanted by: 
	glx/single2.c:294
autoscan: warning: missing AC_CHECK_FUNCS([strdup]) wanted by: 
	dix/registry.c:153
	test/xkb.c:137
	test/xkb.c:138
	test/xkb.c:139
	test/xkb.c:140
	test/xkb.c:141
	config/hal.c:297
	config/hal.c:302
	config/hal.c:307
	config/hal.c:312
	config/hal.c:317
	config/hal.c:335
	config/hal.c:351
	config/hal.c:355
	config/hal.c:359
	config/hal.c:363
	config/hal.c:367
	config/hal.c:378
	xkb/xkbInit.c:132
	xkb/xkbInit.c:133
	xkb/xkbInit.c:134
	xkb/xkbInit.c:135
	xkb/xkbInit.c:136
	hw/xwin/winmultiwindowwm.c:465
	hw/xwin/winclipboardxevents.c:301
	hw/xwin/winclipboardxevents.c:730
	hw/xwin/InitInput.c:144
	hw/xwin/InitInput.c:145
	hw/xquartz/darwin.c:435
	hw/xquartz/darwin.c:474
	hw/xquartz/darwin.c:492
	hw/xquartz/darwin.c:496
	hw/xquartz/darwin.c:500
	hw/xquartz/darwin.c:504
	hw/kdrive/linux/mouse.c:947
	hw/kdrive/linux/ps2.c:126
	hw/kdrive/linux/ps2.c:140
	hw/kdrive/linux/bus.c:80
	hw/kdrive/linux/ms.c:103
	hw/kdrive/linux/ms.c:105
	hw/kdrive/linux/evdev.c:212
	hw/kdrive/linux/evdev.c:227
	hw/kdrive/linux/evdev.c:413
	hw/kdrive/linux/tslib.c:117
	hw/kdrive/linux/tslib.c:168
	hw/kdrive/linux/keyboard.c:742
	hw/kdrive/linux/keyboard.c:745
	hw/kdrive/ephyr/ephyrvideo.c:394
	hw/kdrive/ephyr/ephyrvideo.c:421
	hw/kdrive/ephyr/ephyrvideo.c:486
	hw/kdrive/ephyr/ephyrvideo.c:488
	hw/kdrive/ephyr/hostx.c:211
	hw/kdrive/ephyr/ephyrhostvideo.c:460
	hw/kdrive/ephyr/ephyr.c:1079
	hw/kdrive/ephyr/ephyr.c:1130
	hw/kdrive/src/kinfo.c:121
	hw/kdrive/src/kinput.c:901
	hw/kdrive/src/kinput.c:902
	hw/kdrive/src/kinput.c:903
	hw/kdrive/src/kinput.c:1100
	hw/kdrive/src/kinput.c:1119
	hw/kdrive/src/kinput.c:1195
	hw/kdrive/src/kinput.c:1197
	hw/kdrive/src/kinput.c:2295
	hw/kdrive/src/kinput.c:2297
	hw/dmx/dmxextension.c:1210
	hw/dmx/glxProxy/glxcmds.c:2575
	hw/dmx/input/dmxarg.c:85
	hw/dmx/config/dmxconfig.c:87
	hw/dmx/config/dmxconfig.c:105
	hw/dmx/config/dmxconfig.c:122
	hw/dmx/config/dmxconfig.c:139
	hw/dmx/config/dmxconfig.c:147
	hw/dmx/config/dmxconfig.c:487
	hw/dmx/examples/xinput.c:88
	hw/xfree86/i2c/fi1236.c:51
	hw/xfree86/i2c/msp3430.c:141
	hw/xfree86/i2c/bt829.c:466
	hw/xfree86/parser/scan.c:880
	hw/xfree86/parser/Flags.c:136
	hw/xfree86/parser/Flags.c:242
	hw/xfree86/parser/Flags.c:243
	hw/xfree86/parser/Flags.c:246
	hw/xfree86/parser/Screen.c:547
	hw/xfree86/parser/Pointer.c:118
	hw/xfree86/parser/Pointer.c:125
	hw/xfree86/parser/Pointer.c:130
	hw/xfree86/parser/Pointer.c:138
	hw/xfree86/parser/Pointer.c:143
	hw/xfree86/parser/Pointer.c:151
	hw/xfree86/parser/Pointer.c:158
	hw/xfree86/parser/Pointer.c:165
	hw/xfree86/parser/Pointer.c:172
	hw/xfree86/parser/Pointer.c:176
	hw/xfree86/parser/Pointer.c:180
	hw/xfree86/parser/Pointer.c:200
	hw/xfree86/parser/Pointer.c:203
	hw/xfree86/parser/Pointer.c:210
	hw/xfree86/parser/Pointer.c:224
	hw/xfree86/parser/Pointer.c:225
	hw/xfree86/parser/Pointer.c:227
	hw/xfree86/vbe/vbe.c:387
	hw/xfree86/vbe/vbe.c:411
	hw/xfree86/vbe/vbe.c:414
	hw/xfree86/vbe/vbe.c:417
	hw/xfree86/vbe/vbeModes.c:357
	hw/xfree86/common/xf86Config.c:1248
	hw/xfree86/common/xf86Config.c:1249
	hw/xfree86/common/xf86Config.c:1303
	hw/xfree86/common/xf86Config.c:1304
	hw/xfree86/common/xf86Config.c:1392
	hw/xfree86/common/xf86Config.c:1393
	hw/xfree86/common/xf86Option.c:321
	hw/xfree86/common/xf86Option.c:322
	hw/xfree86/common/xf86VidMode.c:429
	hw/xfree86/common/xf86Configure.c:357
	hw/xfree86/common/xf86Configure.c:527
	hw/xfree86/common/xf86Configure.c:529
	hw/xfree86/common/xf86Configure.c:541
	hw/xfree86/common/xf86Configure.c:542
	hw/xfree86/common/xf86Configure.c:560
autoscan: warning: missing AC_CHECK_FUNCS([strerror]) wanted by: 
	Xext/xf86bigfont.c:240
	Xext/xf86bigfont.c:247
	os/access.c:757
	os/WaitFor.c:249
	os/WaitFor.c:254
	os/osinit.c:196
	os/log.c:567
	os/log.c:571
	os/log.c:575
	glx/glxdri.c:1006
	glx/glxdri.c:1102
	glx/glxdri.c:1112
	hw/xquartz/mach-startup/bundle-main.c:180
	hw/xquartz/mach-startup/bundle-main.c:209
	hw/xquartz/mach-startup/bundle-main.c:262
	hw/xquartz/mach-startup/bundle-main.c:267
	hw/xquartz/mach-startup/bundle-main.c:273
	hw/xquartz/mach-startup/launchd_fd.c:50
	hw/xquartz/mach-startup/launchd_fd.c:57
	hw/xquartz/mach-startup/stub.c:126
	hw/xquartz/mach-startup/stub.c:131
	hw/xquartz/mach-startup/stub.c:172
	hw/xquartz/mach-startup/stub.c:235
	hw/kdrive/linux/linux.c:87
	hw/kdrive/linux/linux.c:102
	hw/kdrive/linux/linux.c:444
	hw/kdrive/fbdev/fbdev.c:47
	hw/kdrive/fbdev/fbdev.c:207
	hw/kdrive/src/kmap.c:69
	hw/kdrive/src/kmap.c:75
	hw/kdrive/src/kmap.c:130
	hw/kdrive/src/kmap.c:169
	hw/dmx/input/usb-common.c:354
	hw/dmx/input/lnx-keyboard.c:422
	hw/dmx/input/lnx-keyboard.c:441
	hw/dmx/input/lnx-keyboard.c:571
	hw/dmx/input/lnx-keyboard.c:769
	hw/dmx/input/lnx-ms.c:227
	hw/dmx/input/lnx-ms.c:233
	hw/dmx/input/lnx-ms.c:259
	hw/dmx/input/lnx-ps2.c:221
	hw/dmx/examples/ev.c:177
	hw/xfree86/dixmods/VMGLExtension.c:278
	hw/xfree86/dixmods/VMGLExtension.c:315
	hw/xfree86/dixmods/VMGLExtension.c:325
	hw/xfree86/int10/generic.c:218
	hw/xfree86/int10/generic.c:276
	hw/xfree86/parser/write.c:165
	hw/xfree86/parser/write.c:171
	hw/xfree86/parser/write.c:197
	hw/xfree86/parser/write.c:205
	hw/xfree86/fbdevhw/fbdevhw.c:348
	hw/xfree86/fbdevhw/fbdevhw.c:407
	hw/xfree86/fbdevhw/fbdevhw.c:415
	hw/xfree86/fbdevhw/fbdevhw.c:471
	hw/xfree86/fbdevhw/fbdevhw.c:477
	hw/xfree86/fbdevhw/fbdevhw.c:562
	hw/xfree86/fbdevhw/fbdevhw.c:679
	hw/xfree86/fbdevhw/fbdevhw.c:711
	hw/xfree86/fbdevhw/fbdevhw.c:730
	hw/xfree86/fbdevhw/fbdevhw.c:742
	hw/xfree86/fbdevhw/fbdevhw.c:759
	hw/xfree86/fbdevhw/fbdevhw.c:782
	hw/xfree86/fbdevhw/fbdevhw.c:787
	hw/xfree86/fbdevhw/fbdevhw.c:819
	hw/xfree86/fbdevhw/fbdevhw.c:830
	hw/xfree86/fbdevhw/fbdevhw.c:861
	hw/xfree86/fbdevhw/fbdevhw.c:909
	hw/xfree86/fbdevhw/fbdevhw.c:962
	hw/xfree86/fbdevhw/fbdevhw.c:980
	hw/xfree86/os-support/sysv/sysv_init.c:73
	hw/xfree86/os-support/sysv/sysv_init.c:82
	hw/xfree86/os-support/sysv/sysv_init.c:102
	hw/xfree86/os-support/sysv/sysv_init.c:125
	hw/xfree86/os-support/sysv/sysv_video.c:136
	hw/xfree86/os-support/sysv/sysv_video.c:153
	hw/xfree86/os-support/sysv/sysv_video.c:163
	hw/xfree86/os-support/sysv/sysv_video.c:193
	hw/xfree86/os-support/bsd/sparc64_video.c:75
	hw/xfree86/os-support/bsd/bsd_kqueue_apm.c:105
	hw/xfree86/os-support/bsd/alpha_video.c:239
	hw/xfree86/os-support/bsd/alpha_video.c:257
	hw/xfree86/os-support/bsd/alpha_video.c:264
	hw/xfree86/os-support/bsd/alpha_video.c:268
	hw/xfree86/os-support/bsd/alpha_video.c:271
	hw/xfree86/os-support/bsd/alpha_video.c:319
	hw/xfree86/os-support/bsd/alpha_video.c:329
	hw/xfree86/os-support/bsd/alpha_video.c:348
	hw/xfree86/os-support/bsd/alpha_video.c:386
	hw/xfree86/os-support/bsd/alpha_video.c:536
	hw/xfree86/os-support/bsd/bsd_init.c:228
	hw/xfree86/os-support/bsd/bsd_init.c:239
	hw/xfree86/os-support/bsd/bsd_init.c:304
	hw/xfree86/os-support/bsd/bsd_init.c:357
	hw/xfree86/os-support/bsd/bsd_init.c:472
	hw/xfree86/os-support/bsd/bsd_init.c:586
	hw/xfree86/os-support/bsd/bsd_init.c:591
	hw/xfree86/os-support/bsd/bsd_init.c:644
	hw/xfree86/os-support/bsd/bsd_init.c:684
	hw/xfree86/os-support/bsd/bsd_init.c:708
	hw/xfree86/os-support/bsd/bsd_apm.c:69
	hw/xfree86/os-support/bsd/arm_video.c:153
	hw/xfree86/os-support/bsd/arm_video.c:162
	hw/xfree86/os-support/bsd/arm_video.c:192
	hw/xfree86/os-support/bsd/arm_video.c:202
	hw/xfree86/os-support/bsd/arm_video.c:221
	hw/xfree86/os-support/bsd/arm_video.c:259
	hw/xfree86/os-support/bsd/arm_video.c:315
	hw/xfree86/os-support/bsd/arm_video.c:368
	hw/xfree86/os-support/bsd/arm_video.c:502
	hw/xfree86/os-support/bsd/arm_video.c:508
	hw/xfree86/os-support/bsd/arm_video.c:570
	hw/xfree86/os-support/bsd/arm_video.c:575
	hw/xfree86/os-support/bsd/ppc_video.c:89
	hw/xfree86/os-support/bsd/i386_video.c:139
	hw/xfree86/os-support/bsd/i386_video.c:149
	hw/xfree86/os-support/bsd/i386_video.c:174
	hw/xfree86/os-support/bsd/i386_video.c:182
	hw/xfree86/os-support/bsd/i386_video.c:185
	hw/xfree86/os-support/bsd/i386_video.c:237
	hw/xfree86/os-support/bsd/i386_video.c:247
	hw/xfree86/os-support/bsd/i386_video.c:267
	hw/xfree86/os-support/bsd/i386_video.c:305
	hw/xfree86/os-support/bsd/i386_video.c:463
	hw/xfree86/os-support/bsd/i386_video.c:488
	hw/xfree86/os-support/linux/lnx_video.c:451
	hw/xfree86/os-support/linux/lnx_video.c:466
	hw/xfree86/os-support/linux/lnx_video.c:521
	hw/xfree86/os-support/linux/lnx_video.c:533
	hw/xfree86/os-support/linux/lnx_video.c:629
	hw/xfree86/os-support/linux/lnx_video.c:670
	hw/xfree86/os-support/linux/lnx_video.c:680
	hw/xfree86/os-support/linux/lnx_apm.c:172
	hw/xfree86/os-support/linux/lnx_kmod.c:82
	hw/xfree86/os-support/linux/lnx_init.c:127
	hw/xfree86/os-support/linux/lnx_init.c:135
	hw/xfree86/os-support/linux/lnx_init.c:140
	hw/xfree86/os-support/linux/lnx_init.c:159
	hw/xfree86/os-support/linux/lnx_init.c:164
	hw/xfree86/os-support/linux/lnx_init.c:177
	hw/xfree86/os-support/linux/lnx_init.c:193
	hw/xfree86/os-support/linux/lnx_init.c:203
	hw/xfree86/os-support/linux/lnx_init.c:213
	hw/xfree86/os-support/linux/lnx_init.c:241
	hw/xfree86/os-support/linux/lnx_init.c:245
	hw/xfree86/os-support/linux/lnx_init.c:249
	hw/xfree86/os-support/linux/lnx_init.c:259
	hw/xfree86/os-support/linux/lnx_init.c:263
	hw/xfree86/os-support/linux/lnx_init.c:270
	hw/xfree86/os-support/linux/lnx_init.c:298
	hw/xfree86/os-support/linux/lnx_init.c:302
	hw/xfree86/os-support/linux/lnx_init.c:330
	hw/xfree86/os-support/linux/lnx_init.c:338
	hw/xfree86/os-support/linux/lnx_init.c:345
	hw/xfree86/os-support/linux/lnx_init.c:351
	hw/xfree86/os-support/linux/lnx_init.c:362
	hw/xfree86/os-support/linux/lnx_init.c:366
	hw/xfree86/os-support/linux/lnx_agp.c:79
	hw/xfree86/os-support/linux/lnx_agp.c:87
	hw/xfree86/os-support/linux/lnx_agp.c:146
	hw/xfree86/os-support/linux/lnx_agp.c:178
	hw/xfree86/os-support/linux/lnx_agp.c:206
	hw/xfree86/os-support/linux/lnx_agp.c:244
	hw/xfree86/os-support/linux/lnx_agp.c:273
	hw/xfree86/os-support/linux/lnx_agp.c:315
	hw/xfree86/os-support/linux/lnx_agp.c:344
	hw/xfree86/os-support/linux/lnx_agp.c:368
	hw/xfree86/os-support/linux/lnx_acpi.c:150
	hw/xfree86/os-support/linux/int10/linux.c:169
	hw/xfree86/os-support/linux/int10/linux.c:194
	hw/xfree86/os-support/linux/int10/linux.c:202
	hw/xfree86/os-support/linux/int10/linux.c:210
	hw/xfree86/os-support/linux/int10/linux.c:271
	hw/xfree86/os-support/linux/int10/linux.c:336
	hw/xfree86/os-support/linux/int10/linux.c:341
	hw/xfree86/os-support/linux/int10/linux.c:350
	hw/xfree86/os-support/linux/int10/linux.c:357
	hw/xfree86/os-support/shared/posix_tty.c:133
	hw/xfree86/os-support/shared/bios_devmem.c:55
	hw/xfree86/os-support/shared/bios_devmem.c:62
	hw/xfree86/os-support/shared/bios_devmem.c:69
	hw/xfree86/os-support/shared/bios_mmap.c:55
	hw/xfree86/os-support/shared/bios_mmap.c:67
	hw/xfree86/os-support/shared/bios_mmap.c:116
	hw/xfree86/os-support/shared/bios_mmap.c:130
	hw/xfree86/os-support/shared/sigio.c:161
	hw/xfree86/os-support/shared/sigio.c:165
	hw/xfree86/os-support/shared/sigio.c:175
	hw/xfree86/os-support/shared/sigio.c:257
	hw/xfree86/os-support/hurd/hurd_init.c:70
	hw/xfree86/os-support/hurd/hurd_init.c:76
	hw/xfree86/os-support/hurd/hurd_mmap.c:52
	hw/xfree86/os-support/hurd/hurd_mmap.c:59
	hw/xfree86/os-support/hurd/hurd_mmap.c:65
	hw/xfree86/os-support/hurd/hurd_mmap.c:82
	hw/xfree86/os-support/hurd/hurd_mmap.c:91
	hw/xfree86/os-support/hurd/hurd_video.c:56
	hw/xfree86/os-support/hurd/hurd_video.c:63
	hw/xfree86/os-support/hurd/hurd_video.c:70
	hw/xfree86/os-support/hurd/hurd_video.c:87
	hw/xfree86/os-support/hurd/hurd_video.c:93
	hw/xfree86/os-support/hurd/hurd_video.c:105
	hw/xfree86/os-support/hurd/hurd_video.c:124
	hw/xfree86/os-support/sco/sco_init.c:86
	hw/xfree86/os-support/sco/sco_init.c:101
	hw/xfree86/os-support/sco/sco_init.c:112
	hw/xfree86/os-support/sco/sco_init.c:121
	hw/xfree86/os-support/sco/sco_init.c:136
	hw/xfree86/os-support/sco/sco_init.c:140
	hw/xfree86/os-support/sco/sco_init.c:172
	hw/xfree86/os-support/sco/sco_init.c:179
	hw/xfree86/os-support/sco/sco_init.c:183
	hw/xfree86/os-support/sco/VTsw_sco.c:112
	hw/xfree86/os-support/sco/sco_video.c:120
	hw/xfree86/os-support/sco/sco_video.c:135
	hw/xfree86/os-support/sco/sco_video.c:286
	hw/xfree86/os-support/solaris/sun_apm.c:146
	hw/xfree86/os-support/solaris/sun_apm.c:175
	hw/xfree86/os-support/solaris/sun_apm.c:188
	hw/xfree86/os-support/solaris/sun_bell.c:72
	hw/xfree86/os-support/solaris/sun_bell.c:121
	hw/xfree86/os-support/solaris/sun_bell.c:151
	hw/xfree86/os-support/solaris/sun_vid.c:80
	hw/xfree86/os-support/solaris/sun_vid.c:90
	hw/xfree86/os-support/solaris/sun_vid.c:137
	hw/xfree86/os-support/solaris/sun_vid.c:146
	hw/xfree86/os-support/solaris/sun_vid.c:162
	hw/xfree86/os-support/solaris/sun_vid.c:217
	hw/xfree86/os-support/solaris/sun_agp.c:91
	hw/xfree86/os-support/solaris/sun_agp.c:127
	hw/xfree86/os-support/solaris/sun_agp.c:153
	hw/xfree86/os-support/solaris/sun_agp.c:181
	hw/xfree86/os-support/solaris/sun_agp.c:220
	hw/xfree86/os-support/solaris/sun_agp.c:239
	hw/xfree86/os-support/solaris/sun_agp.c:275
	hw/xfree86/os-support/solaris/sun_agp.c:297
	hw/xfree86/os-support/solaris/sun_agp.c:321
	hw/xfree86/os-support/solaris/sun_init.c:81
	hw/xfree86/os-support/solaris/sun_init.c:89
	hw/xfree86/os-support/solaris/sun_init.c:103
	hw/xfree86/os-support/solaris/sun_init.c:111
	hw/xfree86/os-support/solaris/sun_init.c:164
	hw/xfree86/os-support/solaris/sun_init.c:205
	hw/xfree86/os-support/solaris/sun_init.c:258
	hw/xfree86/os-support/solaris/sun_init.c:266
	hw/xfree86/os-support/solaris/sun_init.c:275
	hw/xfree86/common/xf86Events.c:220
	hw/xfree86/common/xf86Events.c:236
	hw/xfree86/common/xf86Events.c:242
	hw/xfree86/common/xf86Configure.c:747
	hw/xfree86/common/xf86Configure.c:847
	hw/vfb/InitOutput.c:182
	hw/vfb/InitOutput.c:198
	hw/vfb/InitOutput.c:581
	hw/vfb/InitOutput.c:604
	hw/vfb/InitOutput.c:620
	hw/vfb/InitOutput.c:634
	hw/vfb/InitOutput.c:658
	hw/vfb/InitOutput.c:668
autoscan: warning: missing AC_CHECK_FUNCS([strncasecmp]) wanted by: 
	os/strcasestr.c:59
	os/oscolor.c:1592
	config/hal.c:276
	config/hal.c:338
autoscan: warning: missing AC_CHECK_FUNCS([strpbrk]) wanted by: 
	hw/xfree86/common/xf86pciBus.c:299
autoscan: warning: missing AC_CHECK_FUNCS([strstr]) wanted by: 
	dix/dixfonts.c:1829
	hw/xwin/InitOutput.c:308
	hw/xwin/winprefs.c:671
	hw/xwin/winprefs.c:848
	hw/xquartz/xpr/dri.c:135
	hw/xquartz/xpr/dri.c:141
	hw/dmx/dmxinit.c:225
	hw/dmx/glxProxy/glxscreens.c:184
	hw/dmx/glxProxy/glxscreens.c:189
	hw/dmx/glxProxy/glxscreens.c:213
	hw/dmx/glxProxy/glxscreens.c:216
	hw/dmx/glxProxy/glxscreens.c:240
	hw/dmx/glxProxy/glxscreens.c:376
	hw/xfree86/loader/loadmod.c:316
	hw/xfree86/parser/scan.c:553
	hw/xfree86/os-support/bus/Sbus.c:164
	hw/xfree86/common/xf86Config.c:510
	hw/xfree86/common/xf86Config.c:546
	hw/xfree86/common/xf86sbusBus.c:162
	hw/xfree86/common/xf86sbusBus.c:177
autoscan: warning: missing AC_CHECK_FUNCS([strtoul]) wanted by: 
	hw/xwin/winconfig.c:257
	hw/xwin/winconfig.c:757
	hw/kdrive/linux/linux.c:150
	hw/kdrive/linux/linux.c:154
	hw/kdrive/linux/linux.c:162
	hw/kdrive/linux/linux.c:169
	hw/xfree86/os-support/linux/lnx_acpi.c:91
	hw/xfree86/os-support/linux/lnx_acpi.c:97
	hw/xfree86/common/xf86Option.c:504
autoscan: warning: missing AC_CHECK_FUNCS([uname]) wanted by: 
	os/access.c:389
	hw/dmx/dmxinit.c:525
	hw/xfree86/os-support/bsd/bsd_init.c:250
	hw/xfree86/os-support/bus/Sbus.c:172
	hw/xfree86/common/xf86Init.c:189
autoscan: warning: missing AC_CHECK_HEADERS([arpa/inet.h]) wanted by: 
	os/access.c:505
	os/connection.c:90
	os/connection.c:101
	hw/xfree86/dixmods/VMGLExtension.c:46
autoscan: warning: missing AC_CHECK_HEADERS([libintl.h]) wanted by: 
	hw/xwin/winprefsyacc.c:329
	hw/dmx/config/parser.c:239
autoscan: warning: missing AC_CHECK_HEADERS([limits.h]) wanted by: 
	fb/fbarc.c:29
	os/osdep.h:64
	os/osdep.h:67
	include/misc.h:159
	miext/rootless/rootlessCommon.c:37
	miext/rootless/rootlessWindow.c:37
	exa/exa_offscreen.c:31
	hw/xwin/winprefs.h:41
	hw/xfree86/loader/loadmod.c:69
	hw/xfree86/parser/scan.c:70
	hw/xfree86/parser/scan.c:73
	hw/xfree86/xaa/xaaFillArc.c:40
	hw/xfree86/os-support/xf86_OSlib.h:421
	hw/xfree86/os-support/xf86_OSlib.h:424
	hw/xfree86/os-support/solaris/sun_bell.c:29
autoscan: warning: missing AC_CHECK_HEADERS([mach/mach.h]) wanted by: 
	hw/xquartz/X11Application.m:48
	hw/xquartz/mach-startup/bundle-main.c:53
	hw/xquartz/mach-startup/stub.c:48
autoscan: warning: missing AC_CHECK_HEADERS([malloc.h]) wanted by: 
	hw/xwin/winprefsyacc.c:376
	hw/dmx/config/parser.c:286
	hw/xfree86/loader/loader.c:67
autoscan: warning: missing AC_CHECK_HEADERS([mntent.h]) wanted by: 
	hw/xwin/InitOutput.c:43
autoscan: warning: missing AC_CHECK_HEADERS([netdb.h]) wanted by: 
	os/utils.c:113
	os/access.c:128
	os/access.c:138
	os/xdmcp.c:30
autoscan: warning: missing AC_CHECK_HEADERS([netinet/in.h]) wanted by: 
	os/access.c:106
	os/xdmcp.c:29
	os/connection.c:89
autoscan: warning: missing AC_CHECK_HEADERS([paths.h]) wanted by: 
	xkb/ddxLoad.c:51
autoscan: warning: missing AC_CHECK_HEADERS([stddef.h]) wanted by: 
	dix/privates.c:33
	os/osdep.h:112
	include/misc.h:81
	miext/rootless/rootlessGC.c:36
	miext/rootless/rootlessValTree.c:96
	miext/rootless/rootlessCommon.c:36
	miext/rootless/rootlessWindow.c:36
	hw/xwin/winprefsyacc.c:317
	hw/xquartz/xpr/driWrap.c:29
	hw/dmx/config/parser.c:227
	hw/xfree86/modes/xf86Rotate.c:31
	hw/xfree86/modes/xf86Modes.h:31
	hw/xfree86/modes/xf86Crtc.c:32
	hw/xfree86/modes/xf86Cursors.c:31
	hw/xfree86/parser/Configint.h:71
	hw/xfree86/os-support/xf86_OSlib.h:81
	render/glyph.c:32
autoscan: warning: missing AC_CHECK_HEADERS([sys/file.h]) wanted by: 
	hw/kdrive/src/kinput.c:38
	hw/xfree86/os-support/hurd/hurd_init.c:42
autoscan: warning: missing AC_CHECK_HEADERS([sys/ioctl.h]) wanted by: 
	os/access.c:102
	hw/kdrive/linux/linux.c:33
	hw/kdrive/linux/tslib.c:44
	hw/kdrive/linux/keyboard.c:42
	hw/kdrive/fbdev/fbdev.c:27
	hw/kdrive/src/kmap.c:33
	hw/dmx/input/lnx-keyboard.c:159
	hw/xfree86/dri/dri.c:45
	hw/xfree86/fbdevhw/fbdevhw.c:68
	hw/xfree86/os-support/xf86_OSlib.h:96
	hw/xfree86/os-support/xf86_OSlib.h:209
	hw/xfree86/os-support/xf86_OSlib.h:253
	hw/xfree86/os-support/bsd/bsd_init.c:39
	hw/xfree86/os-support/linux/lnx_apm.c:22
	hw/xfree86/os-support/linux/lnx_bell.c:30
	hw/xfree86/os-support/linux/lnx_agp.c:25
	hw/xfree86/os-support/linux/lnx_acpi.c:10
	hw/xfree86/os-support/shared/ia64Pci.c:41
	hw/xfree86/os-support/bus/Sbus.c:32
autoscan: warning: missing AC_CHECK_HEADERS([sys/param.h]) wanted by: 
	Xext/xf86bigfont.c:54
	os/utils.c:244
	os/access.c:141
	os/access.c:173
	os/xdmcp.c:27
	os/connection.c:97
	os/osdep.h:75
	hw/xfree86/os-support/xf86_OSlib.h:102
	hw/xfree86/os-support/xf86_OSlib.h:221
	hw/xfree86/os-support/xf86_OSlib.h:267
	hw/xfree86/os-support/xf86_OSlib.h:281
	hw/xfree86/os-support/bsd/alpha_video.c:34
	hw/xfree86/os-support/bsd/bsd_axp.c:11
	hw/xfree86/os-support/bsd/bsd_kmod.c:8
	hw/vfb/InitOutput.c:60
autoscan: warning: missing AC_CHECK_HEADERS([sys/socket.h]) wanted by: 
	Xext/xselinux.c:29
	os/access.c:101
	os/xdmcp.c:28
	os/connection.c:84
	hw/xquartz/mach-startup/bundle-main.c:47
	hw/xquartz/mach-startup/stub.c:40
	hw/xfree86/dixmods/VMGLExtension.c:45
	hw/xfree86/os-support/linux/lnx_acpi.c:12
autoscan: warning: missing AC_CHECK_HEADERS([sys/time.h]) wanted by: 
	Xext/sync.c:73
	Xext/mbuf.c:50
	Xext/mbufpx.c:46
	Xext/mbufbf.c:49
	os/utils.c:73
	glx/glxdricommon.c:32
	glx/glxdri.c:32
	glx/glxdriswrast.c:35
	xkb/xkbAccessX.c:42
	hw/xwin/winclipboardwndproc.c:37
	hw/xquartz/darwin.c:58
	hw/xquartz/mach-startup/bundle-main.c:50
	hw/xquartz/xpr/dri.c:45
	hw/kdrive/ephyr/hostx.c:52
	hw/dmx/dmxsync.c:57
	hw/dmx/examples/xled.c:41
	hw/dmx/examples/xinput.c:43
	hw/xfree86/dri/dri.c:41
	hw/xfree86/i2c/xf86i2c.c:14
	hw/xfree86/os-support/hurd/hurd_init.c:41
autoscan: warning: missing AC_CHECK_HEADERS([termio.h]) wanted by: 
	hw/xfree86/os-support/xf86_OSlib.h:98
	hw/xfree86/os-support/xf86_OSlib.h:216
autoscan: warning: missing AC_CHECK_HEADERS([termios.h]) wanted by: 
	hw/kdrive/linux/mouse.c:27
	hw/kdrive/linux/ms.c:28
	hw/kdrive/linux/keyboard.c:41
	hw/kdrive/fake/mouse.c:27
	hw/dmx/input/lnx-keyboard.c:164
	hw/dmx/input/lnx-ms.c:78
	hw/dmx/input/lnx-ps2.c:75
	hw/xfree86/os-support/xf86_OSlib.h:218
	hw/xfree86/os-support/xf86_OSlib.h:256
	hw/xfree86/os-support/bsd/bsd_bell.c:34
autoscan: warning: missing AC_CHECK_MEMBERS([struct stat.st_rdev]) wanted by: 
	hw/xfree86/os-support/bsd/bsd_init.c:442
	hw/xfree86/os-support/bsd/bsd_init.c:571
autoscan: warning: missing AC_C_INLINE wanted by: 
	dix/ptrveloc.c:439
	dix/ptrveloc.c:581
	dix/ptrveloc.c:762
	mi/mieq.c:90
	include/misc.h:188
	include/misc.h:198
	include/misc.h:208
	miext/rootless/rootlessGC.c:279
	miext/rootless/rootlessWindow.c:844
	exa/exa_accel.c:242
	hw/xwin/winwindowswm.c:72
	hw/xwin/winwindowswm.c:133
	hw/xwin/glx/indirect.c:992
	hw/xquartz/X11Application.m:914
	hw/xquartz/X11Application.m:1006
	hw/xquartz/quartzKeyboard.c:622
	hw/xquartz/applewm.c:97
	hw/xquartz/applewm.c:201
	hw/xquartz/pbproxy/main.m:54
	hw/xquartz/xpr/xprFrame.c:92
	hw/xquartz/xpr/xprFrame.c:611
	hw/xquartz/xpr/x-hash.c:67
	hw/xquartz/xpr/x-hash.c:73
	hw/xquartz/xpr/x-hash.c:83
	hw/xquartz/xpr/x-hash.c:92
	hw/xquartz/xpr/x-list.c:52
	hw/xfree86/x86emu/x86emu/prim_x86_gcc.h:52
	hw/xfree86/x86emu/x86emu/prim_x86_gcc.h:67
	render/mipict.c:269
autoscan: warning: missing AC_FUNC_CHOWN wanted by: 
	hw/kdrive/linux/linux.c:62
	hw/xfree86/os-support/sysv/sysv_init.c:129
	hw/xfree86/os-support/sysv/sysv_init.c:131
	hw/xfree86/os-support/linux/lnx_init.c:79
	hw/xfree86/os-support/linux/lnx_init.c:80
	hw/xfree86/os-support/linux/lnx_init.c:191
	hw/xfree86/os-support/linux/lnx_init.c:201
	hw/xfree86/os-support/solaris/sun_init.c:169
autoscan: warning: missing AC_FUNC_FORK wanted by: 
	os/utils.c:1352
	os/utils.c:1415
	os/utils.c:1494
	hw/xwin/winprefs.c:358
	hw/xquartz/X11Controller.m:361
	hw/xquartz/X11Controller.m:367
	hw/xquartz/mach-startup/bundle-main.c:575
	hw/xquartz/mach-startup/bundle-main.c:581
	hw/xquartz/mach-startup/stub.c:233
	hw/xfree86/parser/write.c:161
	hw/xfree86/os-support/linux/lnx_kmod.c:71
autoscan: warning: missing AC_FUNC_GETMNTENT wanted by: 
	hw/xwin/InitOutput.c:333
autoscan: warning: missing AC_FUNC_MALLOC wanted by: 
	randr/rrscreen.c:516
	os/utils.c:1051
	os/utils.c:1069
	os/utils.c:1124
	os/utils.c:1754
	os/xdmcp.c:1638
	os/log.c:169
	os/log.c:181
	os/log.c:183
	os/log.c:294
	os/log.c:444
	os/log.c:567
	glx/glapi.c:238
	glx/glapi.c:581
	glx/glapi.c:615
	exa/exa_migration_mixed.c:138
	hw/xwin/winpfbdd.c:166
	hw/xwin/winpfbdd.c:202
	hw/xwin/winshaddd.c:456
	hw/xwin/InitOutput.c:497
	hw/xwin/InitOutput.c:545
	hw/xwin/InitOutput.c:554
	hw/xwin/InitOutput.c:568
	hw/xwin/winclipboardtextconv.c:115
	hw/xwin/winmultiwindowicons.c:101
	hw/xwin/winmultiwindowicons.c:481
	hw/xwin/winmultiwindowicons.c:482
	hw/xwin/winprefs.c:784
	hw/xwin/winprefslex.c:682
	hw/xwin/winprefslex.c:2128
	hw/xwin/winmouse.c:98
	hw/xwin/winprefsyacc.c:419
	hw/xwin/winprefsyacc.c:2104
	hw/xwin/winprefsyacc.c:2135
	hw/xwin/winprefsyacc.c:2158
	hw/xwin/winprefsyacc.c:2194
	hw/xwin/winprefsyacc.c:2227
	hw/xwin/wincursor.c:207
	hw/xwin/winconfig.c:306
	hw/xwin/winconfig.c:906
	hw/xwin/winconfig.c:1015
	hw/xwin/winallpriv.c:64
	hw/xwin/winallpriv.c:154
	hw/xwin/wincmap.c:469
	hw/xwin/winwin32rootlesswindow.c:112
	hw/xwin/winwin32rootlesswindow.c:128
	hw/xwin/winwin32rootlesswindow.c:144
	hw/xwin/winprocarg.c:1468
	hw/xwin/winmultiwindowwm.c:451
	hw/xwin/winmultiwindowwm.c:1133
	hw/xwin/winmultiwindowwm.c:1134
	hw/xwin/winmultiwindowwm.c:1135
	hw/xwin/winmultiwindowwm.c:1346
	hw/xwin/winclipboardxevents.c:289
	hw/xwin/winclipboardxevents.c:647
	hw/xwin/winclipboardxevents.c:658
	hw/xwin/winclipboardxevents.c:678
	hw/xwin/winclipboardxevents.c:705
	hw/xwin/winmultiwindowclass.c:79
	hw/xwin/winmultiwindowclass.c:95
	hw/xwin/winmultiwindowclass.c:182
	hw/xwin/winmultiwindowclass.c:307
	hw/xwin/winprefsyacc.y:286
	hw/xwin/winprefsyacc.y:317
	hw/xwin/winprefsyacc.y:340
	hw/xwin/winprefsyacc.y:376
	hw/xwin/winprefsyacc.y:409
	hw/xwin/winprefslex.l:52
	hw/xwin/winwindowswm.c:555
	hw/xwin/winshadgdi.c:217
	hw/xwin/winshadgdi.c:360
	hw/xwin/winshadgdi.c:1193
	hw/xwin/winnativegdi.c:387
	hw/xwin/winshadddnl.c:248
	hw/xwin/winwin32rootless.c:205
	hw/xwin/winwin32rootless.c:237
	hw/xwin/xlaunch/window/wizard.cc:111
	hw/xwin/glx/indirect.c:1470
	hw/xquartz/keysym2ucs.c:880
	hw/xquartz/quartzStartup.c:80
	hw/xquartz/GL/capabilities.c:522
	hw/xquartz/mach-startup/bundle-main.c:476
	hw/xquartz/mach-startup/bundle-main.c:485
	hw/xquartz/mach-startup/bundle-main.c:505
	hw/xquartz/mach-startup/bundle-main.c:668
	hw/xquartz/mach-startup/bundle-main.c:674
	hw/xquartz/xpr/x-list.c:99
	hw/kdrive/ephyr/hostx.c:727
	hw/kdrive/ephyr/hostx.c:755
	hw/kdrive/ephyr/ephyrhostglx.c:335
	hw/kdrive/fake/fake.c:173
	hw/dmx/dmxextension.c:1127
	hw/dmx/dmxextension.c:1128
	hw/dmx/dmxcursor.c:206
	hw/dmx/glxProxy/glxutil.c:54
	hw/dmx/glxProxy/glxutil.c:95
	hw/dmx/input/dmxarg.c:62
	hw/dmx/input/dmxarg.c:65
	hw/dmx/input/dmxarg.c:117
	hw/dmx/config/parser.c:329
	hw/dmx/config/dmxconfig.c:86
	hw/dmx/config/dmxconfig.c:104
	hw/dmx/config/dmxconfig.c:121
	hw/dmx/config/scanner.c:1902
	hw/dmx/examples/dmxwininfo.c:70
	hw/dmx/examples/dmxwininfo.c:219
	hw/xfree86/loader/dlloader.c:91
	hw/xfree86/loader/dlloader.c:148
	hw/xfree86/loader/loadmod.c:414
	hw/xfree86/loader/loadmod.c:421
	hw/xfree86/loader/loadmod.c:428
	hw/xfree86/loader/loader.c:215
	hw/xfree86/loader/loader.c:217
	hw/xfree86/modes/xf86Crtc.c:121
	hw/xfree86/modes/xf86Crtc.c:2209
	hw/xfree86/parser/scan.c:183
	hw/xfree86/parser/scan.c:184
	hw/xfree86/parser/scan.c:423
	hw/xfree86/parser/scan.c:635
	hw/xfree86/parser/scan.c:672
	hw/xfree86/parser/scan.c:794
	hw/xfree86/parser/scan.c:850
	hw/xfree86/parser/scan.c:851
	hw/xfree86/parser/scan.c:881
	hw/xfree86/parser/scan.c:882
	hw/xfree86/parser/scan.c:919
	hw/xfree86/parser/Flags.c:147
	hw/xfree86/parser/Flags.c:369
	hw/xfree86/parser/Flags.c:372
	hw/xfree86/parser/Flags.c:438
	hw/xfree86/parser/Pointer.c:194
	hw/xfree86/parser/Files.c:106
	hw/xfree86/parser/Files.c:134
	hw/xfree86/os-support/sysv/sysv_video.c:83
	hw/xfree86/utils/cvt/cvt.c:34
	hw/xfree86/utils/gtf/gtf.c:315
	hw/xfree86/common/xf86Init.c:1344
	hw/xfree86/common/xf86Init.c:1356
	hw/xfree86/common/xf86Helper.c:1325
	hw/xfree86/common/xf86Configure.c:301
	hw/xfree86/common/xf86Configure.c:303
	hw/xfree86/common/xf86Configure.c:305
	hw/xfree86/common/xf86Configure.c:435
	hw/xfree86/common/xf86Configure.c:448
	hw/xfree86/common/xf86Configure.c:461
	hw/xfree86/common/xf86Configure.c:539
	hw/xfree86/common/xf86Configure.c:558
	hw/xfree86/common/xf86Configure.c:561
autoscan: warning: missing AC_FUNC_MMAP wanted by: 
	hw/xquartz/xpr/dri.c:872
	hw/kdrive/fbdev/fbdev.c:66
	hw/kdrive/src/kmap.c:71
	hw/xfree86/fbdevhw/fbdevhw.c:675
	hw/xfree86/fbdevhw/fbdevhw.c:738
	hw/xfree86/os-support/sysv/sysv_init.c:77
	hw/xfree86/os-support/sysv/sysv_video.c:155
	hw/xfree86/os-support/bsd/sparc64_video.c:69
	hw/xfree86/os-support/bsd/alpha_video.c:226
	hw/xfree86/os-support/bsd/alpha_video.c:246
	hw/xfree86/os-support/bsd/alpha_video.c:321
	hw/xfree86/os-support/bsd/alpha_video.c:340
	hw/xfree86/os-support/bsd/alpha_video.c:380
	hw/xfree86/os-support/bsd/alpha_video.c:525
	hw/xfree86/os-support/bsd/alpha_video.c:529
	hw/xfree86/os-support/bsd/arm_video.c:139
	hw/xfree86/os-support/bsd/arm_video.c:194
	hw/xfree86/os-support/bsd/arm_video.c:213
	hw/xfree86/os-support/bsd/arm_video.c:253
	hw/xfree86/os-support/bsd/arm_video.c:359
	hw/xfree86/os-support/bsd/arm_video.c:494
	hw/xfree86/os-support/bsd/arm_video.c:561
	hw/xfree86/os-support/bsd/arm_video.c:603
	hw/xfree86/os-support/bsd/ppc_video.c:83
	hw/xfree86/os-support/bsd/ppc_video.c:133
	hw/xfree86/os-support/bsd/i386_video.c:125
	hw/xfree86/os-support/bsd/i386_video.c:158
	hw/xfree86/os-support/bsd/i386_video.c:239
	hw/xfree86/os-support/bsd/i386_video.c:258
	hw/xfree86/os-support/bsd/i386_video.c:299
	hw/xfree86/os-support/linux/lnx_video.c:460
	hw/xfree86/os-support/linux/lnx_video.c:513
	hw/xfree86/os-support/linux/lnx_video.c:647
	hw/xfree86/os-support/linux/lnx_video.c:661
	hw/xfree86/os-support/linux/int10/linux.c:119
	hw/xfree86/os-support/linux/int10/linux.c:130
	hw/xfree86/os-support/linux/int10/linux.c:176
	hw/xfree86/os-support/linux/int10/linux.c:360
	hw/xfree86/os-support/shared/bios_mmap.c:62
	hw/xfree86/os-support/shared/bios_mmap.c:124
	hw/xfree86/os-support/bus/linuxPci.c:345
	hw/xfree86/os-support/bus/linuxPci.c:403
	hw/xfree86/os-support/bus/Sbus.c:627
	hw/xfree86/os-support/bus/Sbus.c:630
	hw/xfree86/os-support/sco/sco_video.c:129
	hw/xfree86/os-support/solaris/sun_vid.c:141
	hw/xfree86/os-support/solaris/sun_vid.c:203
	hw/xfree86/os-support/solaris/sun_init.c:85
	hw/xfree86/os-support/solaris/sun_init.c:270
	hw/vfb/InitOutput.c:627
autoscan: warning: missing AC_FUNC_REALLOC wanted by: 
	os/utils.c:1122
	os/log.c:292
	hw/xwin/InitOutput.c:499
	hw/xwin/InitOutput.c:570
	hw/xwin/winprefslex.c:2140
	hw/xwin/winprefsyacc.c:2107
	hw/xwin/winprefsyacc.c:2133
	hw/xwin/winprefsyacc.c:2161
	hw/xwin/winprefsyacc.c:2197
	hw/xwin/winprefsyacc.c:2230
	hw/xwin/winprefsyacc.y:289
	hw/xwin/winprefsyacc.y:315
	hw/xwin/winprefsyacc.y:343
	hw/xwin/winprefsyacc.y:379
	hw/xwin/winprefsyacc.y:412
	hw/xquartz/pbproxy/x-selection.m:186
	hw/xquartz/pbproxy/x-selection.m:340
	hw/kdrive/ephyr/ephyrvideo.c:758
	hw/kdrive/ephyr/hostx.c:199
	hw/dmx/glxProxy/glxutil.c:89
	hw/dmx/input/dmxarg.c:84
	hw/dmx/config/dmxconfig.c:186
	hw/dmx/config/dmxconfig.c:215
	hw/dmx/config/dmxconfig.c:311
	hw/dmx/config/scanner.c:1914
	hw/dmx/config/dmxparse.c:79
	hw/dmx/config/dmxparse.c:408
	hw/xfree86/modes/xf86RandR12.c:1266
	hw/xfree86/modes/xf86RandR12.c:1304
	hw/xfree86/parser/scan.c:240
	hw/xfree86/parser/scan.c:241
	hw/xfree86/parser/scan.c:1016
	hw/xfree86/parser/Files.c:120
	hw/xfree86/parser/Files.c:147
	hw/xfree86/common/xf86Configure.c:586
	hw/xfree86/common/xf86Configure.c:596
autoscan: warning: missing AC_FUNC_STRTOD wanted by: 
	hw/xwin/winconfig.c:798
	hw/xwin/winconfig.c:834
	hw/xfree86/common/xf86Option.c:537
	hw/xfree86/common/xf86Option.c:564
autoscan: warning: missing AC_HEADER_MAJOR wanted by: 
	hw/xfree86/os-support/bsd/bsd_init.c:442
	hw/xfree86/os-support/bsd/bsd_init.c:571
autoscan: warning: missing AC_HEADER_STDBOOL wanted by: 
	Xext/mbufpx.c:292
	Xext/mbufpx.c:359
	Xext/mbufpx.c:360
	Xext/mbufpx.c:397
	Xext/mbufpx.c:398
	hw/xwin/winconfig.h:244
	hw/xwin/winconfig.c:617
	hw/xwin/winconfig.c:920
	hw/xwin/winconfig.c:920
	hw/xwin/winconfig.c:980
	hw/xwin/winconfig.c:985
	hw/xwin/winconfig.c:987
	hw/xwin/winconfig.c:989
	hw/xwin/winconfig.c:991
	hw/xwin/winconfig.c:993
	hw/xwin/winconfig.c:995
	hw/xwin/winconfig.c:997
	hw/xwin/winconfig.c:999
	hw/xwin/xlaunch/config.cc:210
	hw/xwin/xlaunch/main.cc:661
	hw/xquartz/GL/capabilities.h:37
	hw/xquartz/GL/capabilities.h:41
	hw/xquartz/GL/capabilities.h:42
	hw/xquartz/GL/capabilities.h:63
	hw/xquartz/GL/capabilities.c:497
	hw/xfree86/common/xf86Option.c:221
	hw/xfree86/common/xf86Option.c:460
	hw/xfree86/common/xf86Option.c:463
	hw/xfree86/common/xf86Option.c:465
	hw/xfree86/common/xf86Option.c:467
	hw/xfree86/common/xf86Option.c:469
	hw/xfree86/common/xf86Option.c:471
	hw/xfree86/common/xf86Option.c:473
	hw/xfree86/common/xf86Option.c:475
	hw/xfree86/common/xf86Option.c:477
	hw/xfree86/common/xf86Option.c:639
	hw/xfree86/common/xf86Option.c:639
	hw/xfree86/common/xf86Option.c:832
	hw/xfree86/common/xf86Option.c:846
	hw/xfree86/common/xf86Opt.h:43
	hw/xwin/xlaunch/config.cc:207
	hw/xwin/xlaunch/config.cc:218
	hw/xwin/xlaunch/config.cc:221
	hw/xwin/xlaunch/main.cc:137
	hw/xwin/xlaunch/main.cc:167
	hw/xwin/xlaunch/main.cc:177
	hw/xwin/xlaunch/main.cc:196
	hw/xwin/xlaunch/main.cc:661
	hw/xquartz/X11Application.m:500
	hw/xquartz/GL/capabilities.c:441
	hw/xquartz/GL/capabilities.c:442
	hw/xquartz/GL/capabilities.c:467
	hw/xquartz/GL/capabilities.c:476
	hw/xfree86/x86emu/validate.c:63
	hw/xfree86/x86emu/validate.c:194
	hw/xfree86/x86emu/validate.c:262
	hw/xfree86/x86emu/validate.c:342
	hw/xfree86/x86emu/validate.c:383
	hw/xfree86/x86emu/validate.c:425
	hw/xfree86/x86emu/validate.c:466
	hw/xfree86/x86emu/validate.c:510
	hw/xfree86/x86emu/validate.c:555
	hw/xfree86/x86emu/validate.c:646
	hw/xwin/xlaunch/config.cc:205
	hw/xwin/xlaunch/config.cc:216
	hw/xwin/xlaunch/config.cc:219
	hw/xwin/xlaunch/main.cc:135
	hw/xwin/xlaunch/main.cc:165
	hw/xwin/xlaunch/main.cc:175
	hw/xwin/xlaunch/main.cc:194
	hw/xwin/xlaunch/main.cc:679
	hw/xquartz/darwinEvents.c:303
	hw/xquartz/GL/capabilities.c:36
	hw/xquartz/GL/capabilities.c:123
	hw/xquartz/GL/capabilities.c:150
	hw/xquartz/GL/capabilities.c:194
	hw/xquartz/GL/capabilities.c:231
	hw/xquartz/GL/capabilities.c:258
	hw/xquartz/mach-startup/stub.c:86
	hw/xquartz/bundle/Info.plist.cpp:28
	hw/xquartz/bundle/Info.plist.cpp:31
	hw/xfree86/x86emu/validate.c:74
	hw/xfree86/x86emu/validate.c:82
	hw/xfree86/x86emu/validate.c:206
	hw/xfree86/x86emu/validate.c:272
	hw/xfree86/x86emu/validate.c:353
	hw/xfree86/x86emu/validate.c:395
	hw/xfree86/x86emu/validate.c:437
	hw/xfree86/x86emu/validate.c:481
	hw/xfree86/x86emu/validate.c:526
	hw/xfree86/x86emu/validate.c:571
	hw/xfree86/x86emu/validate.c:649
autoscan: warning: missing AC_PATH_X wanted by: 
	hw/xwin/winmultiwindowwm.c:50
	hw/xwin/xlaunch/main.cc:35
	hw/xquartz/pbproxy/pbproxy.h:48
	hw/xquartz/mach-startup/bundle-main.c:38
	hw/kdrive/ephyr/hostx.c:54
	hw/dmx/dmxclient.h:77
	hw/dmx/examples/xdmx.c:36
	hw/dmx/examples/evi.c:36
	hw/dmx/examples/dmxwininfo.c:40
	hw/dmx/examples/xtest.c:36
	hw/dmx/examples/dmxaddscreen.c:37
	hw/dmx/examples/xbell.c:36
	hw/dmx/examples/dmxrmscreen.c:37
	hw/dmx/examples/xled.c:37
	hw/dmx/examples/dmxresize.c:36
	hw/dmx/examples/dmxaddinput.c:36
	hw/dmx/examples/dmxrminput.c:36
	hw/dmx/examples/dmxreconfig.c:36
	hw/dmx/examples/res.c:36
	hw/dmx/examples/xinput.c:37
	hw/xnest/Xnest.h:67
autoscan: warning: missing AC_PROG_CXX wanted by: 
	ltmain.sh:677
	ltmain.sh:1015
	ltmain.sh:1022
	ltmain.sh:1022
	ltmain.sh:1022
	ltmain.sh:1022
	ltmain.sh:1031
	ltmain.sh:1037
	ltmain.sh:1037
	ltmain.sh:1037
	ltmain.sh:1037
	hw/xwin/xlaunch/config.cc
	hw/xwin/xlaunch/main.cc
	hw/xwin/xlaunch/window/dialog.cc
	hw/xwin/xlaunch/window/wizard.cc
	hw/xwin/xlaunch/window/util.cc
	hw/xwin/xlaunch/window/window.cc
	hw/xquartz/bundle/Info.plist.cpp
	hw/xfree86/xorgconf.cpp
autoscan: warning: missing AC_PROG_RANLIB wanted by: 
	ltmain.sh:1601
autoscan: warning: missing AC_TYPE_INT16_T wanted by: 
	hw/xwin/winprefslex.c:45
	hw/dmx/config/scanner.c:45
autoscan: warning: missing AC_TYPE_INT32_T wanted by: 
	dix/getevents.c:154
	include/eventstr.h:103
	include/eventstr.h:205
	include/eventstr.h:206
	include/eventstr.h:207
	include/eventstr.h:208
	hw/xwin/winprefslex.c:47
	hw/xquartz/applewm.c:141
	hw/kdrive/ephyr/ephyrglxext.c:203
	hw/kdrive/ephyr/ephyrglxext.c:261
	hw/kdrive/ephyr/ephyrhostglx.h:43
	hw/kdrive/ephyr/ephyrhostglx.h:44
	hw/kdrive/ephyr/ephyrhostglx.h:45
	hw/kdrive/ephyr/ephyrhostglx.h:46
	hw/kdrive/ephyr/ephyrhostglx.h:49
	hw/kdrive/ephyr/ephyrhostglx.h:50
	hw/kdrive/ephyr/ephyrhostglx.h:51
	hw/kdrive/ephyr/ephyrhostglx.h:52
	hw/kdrive/ephyr/ephyrhostglx.h:53
	hw/kdrive/ephyr/ephyrhostglx.h:54
	hw/kdrive/ephyr/ephyrhostglx.h:54
	hw/kdrive/ephyr/ephyrhostglx.c:64
	hw/kdrive/ephyr/ephyrhostglx.c:65
	hw/kdrive/ephyr/ephyrhostglx.c:66
	hw/kdrive/ephyr/ephyrhostglx.c:67
	hw/kdrive/ephyr/ephyrhostglx.c:68
	hw/kdrive/ephyr/ephyrhostglx.c:243
	hw/kdrive/ephyr/ephyrhostglx.c:244
	hw/kdrive/ephyr/ephyrhostglx.c:245
	hw/kdrive/ephyr/ephyrhostglx.c:246
	hw/kdrive/ephyr/ephyrhostglx.c:247
	hw/kdrive/ephyr/ephyrhostglx.c:265
	hw/kdrive/ephyr/ephyrhostglx.c:365
	hw/kdrive/ephyr/ephyrhostglx.c:366
	hw/kdrive/ephyr/ephyrhostglx.c:367
	hw/kdrive/ephyr/ephyrhostglx.c:368
	hw/kdrive/ephyr/ephyrhostglx.c:369
	hw/kdrive/ephyr/ephyrhostglx.c:387
	hw/kdrive/ephyr/ephyrhostglx.c:388
	hw/kdrive/ephyr/ephyrhostglx.c:389
	hw/kdrive/ephyr/ephyrhostglx.c:390
	hw/kdrive/ephyr/ephyrhostglx.c:406
	hw/kdrive/ephyr/ephyrhostglx.c:406
	hw/kdrive/ephyr/ephyrhostglx.c:413
	hw/kdrive/ephyr/ephyrhostglx.c:535
	hw/dmx/config/scanner.c:47
autoscan: warning: missing AC_TYPE_INT64_T wanted by: 
	glx/glxdricommon.c:43
autoscan: warning: missing AC_TYPE_INT8_T wanted by: 
	hw/xwin/winprefslex.c:43
	hw/dmx/config/scanner.c:43
autoscan: warning: missing AC_TYPE_MODE_T wanted by: 
	Xext/shm.c:341
	hw/xfree86/dri/dri.c:773
autoscan: warning: missing AC_TYPE_OFF_T wanted by: 
	os/utils.c:1891
	os/utils.c:1893
	os/utils.c:1907
	os/utils.c:1909
	hw/xfree86/os-support/sysv/sysv_video.c:158
	hw/xfree86/os-support/bsd/alpha_video.c:227
	hw/xfree86/os-support/bsd/alpha_video.c:247
	hw/xfree86/os-support/bsd/alpha_video.c:324
	hw/xfree86/os-support/bsd/alpha_video.c:381
	hw/xfree86/os-support/bsd/alpha_video.c:528
	hw/xfree86/os-support/bsd/alpha_video.c:532
	hw/xfree86/os-support/bsd/arm_video.c:140
	hw/xfree86/os-support/bsd/arm_video.c:197
	hw/xfree86/os-support/bsd/arm_video.c:254
	hw/xfree86/os-support/bsd/arm_video.c:495
	hw/xfree86/os-support/bsd/arm_video.c:562
	hw/xfree86/os-support/bsd/arm_video.c:604
	hw/xfree86/os-support/bsd/i386_video.c:126
	hw/xfree86/os-support/bsd/i386_video.c:159
	hw/xfree86/os-support/bsd/i386_video.c:242
	hw/xfree86/os-support/bsd/i386_video.c:300
	hw/xfree86/os-support/linux/lnx_video.c:461
	hw/xfree86/os-support/linux/lnx_video.c:649
	hw/xfree86/os-support/linux/lnx_video.c:663
	hw/xfree86/os-support/shared/bios_mmap.c:63
	hw/xfree86/os-support/shared/bios_mmap.c:125
	hw/xfree86/os-support/sco/sco_video.c:131
	hw/xfree86/os-support/solaris/sun_vid.c:141
	hw/xfree86/os-support/solaris/sun_vid.c:204
autoscan: warning: missing AC_TYPE_SIZE_T wanted by: 
	dix/pixmap.c:113
	fb/fbpixmap.c:36
	fb/fbpixmap.c:37
	fb/fb.h:58
	fb/fb.h:66
	mi/mieq.c:429
	Xext/xselinux.c:447
	Xext/xselinux.c:572
	os/utils.c:1891
	os/utils.c:1907
	os/strlcpy.c:30
	os/strlcpy.c:31
	os/strlcpy.c:35
	os/strcasestr.c:49
	os/strlcat.c:33
	os/strlcat.c:34
	os/strlcat.c:38
	os/strlcat.c:39
	os/strcasecmp.c:55
	glx/glxcmds.c:1513
	glx/glxcmds.c:1840
	glx/glxcmds.c:1878
	glx/glxcmds.c:2322
	glx/glxcmds.c:2358
	glx/extension_string.c:116
	glx/extension_string.c:138
	glx/single2.c:66
	glx/single2.c:94
	glx/single2.c:246
	glx/single2.c:294
	glx/glxdri.c:755
	glx/glxdri.c:966
	glx/glxdri2.c:594
	glx/indirect_util.h:32
	glx/indirect_util.h:32
	glx/indirect_util.h:36
	glx/indirect_util.h:36
	glx/indirect_util.h:40
	glx/indirect_util.h:40
	glx/single2swap.c:66
	glx/single2swap.c:97
	glx/indirect_util.c:80
	glx/indirect_util.c:81
	glx/indirect_util.c:87
	glx/indirect_util.c:120
	glx/indirect_util.c:121
	glx/indirect_util.c:123
	glx/indirect_util.c:168
	glx/indirect_util.c:169
	glx/indirect_util.c:171
	xkb/XKBGAlloc.c:460
	xkb/ddxLoad.c:158
	include/os.h:449
	include/os.h:458
	include/os.h:458
	include/os.h:459
	include/os.h:459
	miext/rootless/rootlessCommon.h:236
	miext/rootless/rootlessCommon.h:236
	exa/exa_mixed.c:55
	exa/exa_driver.c:56
	hw/xwin/InitOutput.c:299
	hw/xwin/InitOutput.c:421
	hw/xwin/InitOutput.c:436
	hw/xwin/InitOutput.c:441
	hw/xwin/InitOutput.c:490
	hw/xwin/InitOutput.c:532
	hw/xwin/InitOutput.c:534
	hw/xwin/InitOutput.c:543
	hw/xwin/InitOutput.c:544
	hw/xwin/winprefslex.c:196
	hw/xwin/winprefslex.c:265
	hw/xwin/winprefslex.c:266
	hw/xwin/winprefslex.c:370
	hw/xwin/winprefslex.c:1371
	hw/xwin/winprefsyacc.c:313
	hw/xquartz/X11Application.m:187
	hw/xquartz/pbproxy/x-selection.h:43
	hw/xquartz/pbproxy/x-selection.m:141
	hw/xquartz/pbproxy/x-selection.m:227
	hw/xquartz/pbproxy/x-selection.m:329
	hw/xquartz/pbproxy/main.m:87
	hw/xquartz/mach-startup/bundle-main.c:247
	hw/xquartz/mach-startup/bundle-main.c:331
	hw/xquartz/mach-startup/bundle-main.c:369
	hw/xquartz/mach-startup/bundle-main.c:458
	hw/xquartz/mach-startup/stub.c:195
	hw/xquartz/mach-startup/stub.c:271
	hw/xquartz/xpr/dri.h:130
	hw/xquartz/xpr/x-hash.c:83
	hw/xquartz/xpr/x-hash.c:89
	hw/xquartz/xpr/x-hash.c:107
	hw/xquartz/xpr/x-hash.c:210
	hw/xquartz/xpr/x-hash.c:269
	hw/xquartz/xpr/x-hash.c:297
	hw/xquartz/xpr/x-hash.h:81
	hw/xquartz/xpr/x-hash.h:81
	hw/xquartz/xpr/dri.c:108
	hw/xquartz/xpr/dri.c:820
	hw/xquartz/xpr/appledri.h:109
	hw/xquartz/xpr/appledri.h:116
	hw/xquartz/xpr/appledri.h:116
	hw/dmx/dmxlog.c:137
	hw/dmx/glxProxy/glxcmds.c:2415
	hw/dmx/glxProxy/glxcmds.c:2493
	hw/dmx/glxProxy/glxutil.c:47
	hw/dmx/glxProxy/glxutil.c:63
	hw/dmx/glxProxy/glxutil.c:63
	hw/dmx/glxProxy/glxutil.c:66
	hw/dmx/glxProxy/glxutil.c:80
	hw/dmx/glxProxy/glxutil.h:37
	hw/dmx/glxProxy/glxutil.h:38
	hw/dmx/glxProxy/glxutil.h:38
	hw/dmx/glxProxy/glxutil.h:39
	hw/dmx/input/dmxinputinit.c:1130
	hw/dmx/config/parser.c:223
	hw/dmx/config/scanner.c:183
	hw/dmx/config/scanner.c:252
	hw/dmx/config/scanner.c:253
	hw/dmx/config/scanner.c:357
	hw/dmx/config/scanner.c:1154
	hw/xfree86/dixmods/VMGLExtension.c:95
	hw/xfree86/dixmods/extmod/xf86vmode.c:1544
	hw/xfree86/os-support/bsd/alpha_video.c:76
	hw/xfree86/os-support/bsd/alpha_video.c:100
	hw/xfree86/os-support/bsd/bsd_axp.c:47
	hw/xfree86/common/xf86AutoConfig.c:289
	hw/xfree86/common/xf86AutoConfig.c:314
	hw/vfb/InitOutput.c:573
	hw/vfb/InitOutput.c:577
	render/render.c:1090
autoscan: warning: missing AC_TYPE_SSIZE_T wanted by: 
	os/utils.c:1890
	os/utils.c:1894
	os/utils.c:1906
	os/utils.c:1910
	hw/xfree86/dri/dri.c:2435
	hw/xfree86/dixmods/VMGLExtension.c:107
	hw/xfree86/dixmods/VMGLExtension.c:112
	hw/xfree86/common/xf86AutoConfig.c:315
	hw/xfree86/common/xisb.c:66
	hw/xfree86/common/xisb.c:139
	hw/xfree86/common/xisb.c:140
	hw/xfree86/common/xisb.h:43
	hw/xfree86/common/xisb.h:44
	hw/xfree86/common/xisb.h:45
	hw/xfree86/common/xisb.h:55
	hw/xfree86/common/xisb.h:58
	hw/xfree86/common/xisb.h:58
autoscan: warning: missing AC_TYPE_UID_T wanted by: 
	os/access.c:1195
	os/access.c:1198
	hw/xfree86/dri/dri.c:773
	os/access.c:1194
autoscan: warning: missing AC_TYPE_UINT16_T wanted by: 
	dix/Xserver-dtrace.h.in:63
	Xi/xiquerydevice.h:41
	Xi/xiquerydevice.h:42
	Xi/xiquerydevice.c:373
	Xi/xiquerydevice.c:428
	glx/indirect_dispatch_swap.c:66
	glx/indirect_dispatch_swap.c:67
	glx/indirect_dispatch_swap.c:96
	glx/indirect_dispatch_swap.c:101
	glx/indirect_dispatch_swap.c:189
	glx/indirect_dispatch_swap.c:316
	glx/indirect_dispatch_swap.c:337
	glx/indirect_dispatch_swap.c:379
	glx/indirect_dispatch_swap.c:400
	glx/indirect_dispatch_swap.c:447
	glx/indirect_dispatch_swap.c:489
	glx/indirect_dispatch_swap.c:524
	glx/indirect_dispatch_swap.c:559
	glx/indirect_dispatch_swap.c:594
	glx/indirect_dispatch_swap.c:632
	glx/indirect_dispatch_swap.c:633
	glx/indirect_dispatch_swap.c:668
	glx/indirect_dispatch_swap.c:703
	glx/indirect_dispatch_swap.c:738
	glx/indirect_dispatch_swap.c:773
	glx/indirect_dispatch_swap.c:808
	glx/indirect_dispatch_swap.c:843
	glx/indirect_dispatch_swap.c:878
	glx/indirect_dispatch_swap.c:1820
	glx/indirect_dispatch_swap.c:2308
	glx/indirect_dispatch_swap.c:3994
	glx/indirect_dispatch_swap.c:4033
	glx/indirect_dispatch_swap.c:4072
	glx/indirect_dispatch_swap.c:4111
	glx/indirect_dispatch_swap.c:4519
	glx/indirect_dispatch_swap.c:4550
	glx/indirect_dispatch_swap.c:4581
	glx/indirect_dispatch_swap.c:4605
	glx/indirect_dispatch_swap.c:4629
	glx/indirect_dispatch_swap.c:4676
	glx/indirect_dispatch_swap.c:4700
	glx/indirect_dispatch_swap.c:4956
	glx/indirect_dispatch_swap.c:4977
	glx/indirect_dispatch_swap.c:5404
	glx/indirect_dispatch_swap.c:5435
	glx/indirect_dispatch_swap.c:5466
	glx/indirect_dispatch_swap.c:5497
	glx/indirect_dispatch_swap.c:5546
	glx/indirect_dispatch_swap.c:5587
	glx/indirect_dispatch_swap.c:5628
	glx/indirect_dispatch_swap.c:5669
	glx/glxbyteorder.h:52
	glx/glxbyteorder.h:53
	include/eventstr.h:94
	include/eventstr.h:96
	include/eventstr.h:184
	miext/rootless/rootlessCommon.c:115
	hw/xwin/winprefslex.c:46
	hw/dmx/config/scanner.c:46
	hw/xfree86/common/xf86AutoConfig.c:308
	hw/xfree86/common/xf86AutoConfig.c:308
	hw/xfree86/common/xf86AutoConfig.c:317
	hw/xfree86/common/compiler.h:237
	hw/xfree86/common/compiler.h:253
	hw/xfree86/common/compiler.h:253
	hw/xfree86/common/compiler.h:273
	hw/xfree86/common/compiler.h:273
	hw/xfree86/common/compiler.h:296
	hw/xfree86/common/compiler.h:296
	hw/xfree86/common/compiler.h:298
	hw/xfree86/common/compiler.h:315
	hw/xfree86/common/compiler.h:315
	hw/xfree86/common/compiler.h:317
	hw/xfree86/common/xf86pciBus.c:132
autoscan: warning: missing AC_TYPE_UINT32_T wanted by: 
	dix/Xserver-dtrace.h.in:62
	dix/Xserver-dtrace.h.in:64
	dix/Xserver-dtrace.h.in:64
	dix/Xserver-dtrace.h.in:65
	dix/Xserver-dtrace.h.in:65
	dix/eventconvert.c:380
	dix/eventconvert.c:388
	dix/eventconvert.c:544
	dix/getevents.c:160
	dix/getevents.c:180
	Xi/xipassivegrab.c:84
	Xi/xipassivegrab.c:160
	Xi/xipassivegrab.c:229
	Xi/xipassivegrab.c:239
	Xi/xipassivegrab.c:253
	Xi/xipassivegrab.c:304
	Xi/extinit.c:687
	Xi/extinit.c:687
	Xi/extinit.c:772
	Xi/extinit.c:774
	Xi/xiquerydevice.c:229
	Xi/xiquerydevice.c:297
	Xi/xiquerydevice.c:304
	Xi/xiquerydevice.c:315
	Xi/xiquerydevice.c:321
	fb/fbfill.c:48
	fb/fbfill.c:215
	fb/fbcopy.c:97
	fb/fbcopy.c:97
	fb/fbpict.c:294
	fb/fbwindow.c:228
	test/xi2/protocol-eventconvert.c:704
	test/xi2/protocol-eventconvert.c:718
	test/xi2/protocol-xiquerydevice.c:169
	test/xi2/protocol-xiquerydevice.c:178
	glx/indirect_dispatch_swap.c:58
	glx/indirect_dispatch_swap.c:59
	glx/indirect_dispatch_swap.c:74
	glx/indirect_dispatch_swap.c:75
	glx/indirect_dispatch_swap.c:90
	glx/indirect_dispatch_swap.c:91
	glx/indirect_dispatch_swap.c:109
	glx/indirect_dispatch_swap.c:114
	glx/indirect_dispatch_swap.c:193
	glx/indirect_dispatch_swap.c:302
	glx/indirect_dispatch_swap.c:309
	glx/indirect_dispatch_swap.c:330
	glx/indirect_dispatch_swap.c:365
	glx/indirect_dispatch_swap.c:372
	glx/indirect_dispatch_swap.c:393
	glx/indirect_dispatch_swap.c:433
	glx/indirect_dispatch_swap.c:440
	glx/indirect_dispatch_swap.c:475
	glx/indirect_dispatch_swap.c:482
	glx/indirect_dispatch_swap.c:510
	glx/indirect_dispatch_swap.c:517
	glx/indirect_dispatch_swap.c:545
	glx/indirect_dispatch_swap.c:552
	glx/indirect_dispatch_swap.c:580
	glx/indirect_dispatch_swap.c:587
	glx/indirect_dispatch_swap.c:616
	glx/indirect_dispatch_swap.c:617
	glx/indirect_dispatch_swap.c:624
	glx/indirect_dispatch_swap.c:625
	glx/indirect_dispatch_swap.c:654
	glx/indirect_dispatch_swap.c:661
	glx/indirect_dispatch_swap.c:689
	glx/indirect_dispatch_swap.c:696
	glx/indirect_dispatch_swap.c:724
	glx/indirect_dispatch_swap.c:731
	glx/indirect_dispatch_swap.c:759
	glx/indirect_dispatch_swap.c:766
	glx/indirect_dispatch_swap.c:794
	glx/indirect_dispatch_swap.c:801
	glx/indirect_dispatch_swap.c:829
	glx/indirect_dispatch_swap.c:836
	glx/indirect_dispatch_swap.c:864
	glx/indirect_dispatch_swap.c:871
	glx/indirect_dispatch_swap.c:925
	glx/indirect_dispatch_swap.c:946
	glx/indirect_dispatch_swap.c:983
	glx/indirect_dispatch_swap.c:1006
	glx/indirect_dispatch_swap.c:1028
	glx/indirect_dispatch_swap.c:1049
	glx/indirect_dispatch_swap.c:1086
	glx/indirect_dispatch_swap.c:1109
	glx/indirect_dispatch_swap.c:1180
	glx/indirect_dispatch_swap.c:1203
	glx/indirect_dispatch_swap.c:1275
	glx/indirect_dispatch_swap.c:1298
	glx/indirect_dispatch_swap.c:1360
	glx/indirect_dispatch_swap.c:1383
	glx/indirect_dispatch_swap.c:1623
	glx/indirect_dispatch_swap.c:1644
	glx/indirect_dispatch_swap.c:1798
	glx/indirect_dispatch_swap.c:1809
	glx/indirect_dispatch_swap.c:1979
	glx/indirect_dispatch_swap.c:2008
	glx/indirect_dispatch_swap.c:2038
	glx/indirect_dispatch_swap.c:2068
	glx/indirect_dispatch_swap.c:2130
	glx/indirect_dispatch_swap.c:2161
	glx/indirect_dispatch_swap.c:2191
	glx/indirect_dispatch_swap.c:2221
	glx/indirect_dispatch_swap.c:2250
	glx/indirect_dispatch_swap.c:2279
	glx/indirect_dispatch_swap.c:2338
	glx/indirect_dispatch_swap.c:2368
	glx/indirect_dispatch_swap.c:2428
	glx/indirect_dispatch_swap.c:2458
	glx/indirect_dispatch_swap.c:2488
	glx/indirect_dispatch_swap.c:2518
	glx/indirect_dispatch_swap.c:2549
	glx/indirect_dispatch_swap.c:2580
	glx/indirect_dispatch_swap.c:2668
	glx/indirect_dispatch_swap.c:2696
	glx/indirect_dispatch_swap.c:2868
	glx/indirect_dispatch_swap.c:2893
	glx/indirect_dispatch_swap.c:2968
	glx/indirect_dispatch_swap.c:2988
	glx/indirect_dispatch_swap.c:3012
	glx/indirect_dispatch_swap.c:3036
	glx/indirect_dispatch_swap.c:3088
	glx/indirect_dispatch_swap.c:3089
	glx/indirect_dispatch_swap.c:3185
	glx/indirect_dispatch_swap.c:3199
	glx/indirect_dispatch_swap.c:3241
	glx/indirect_dispatch_swap.c:3271
	glx/indirect_dispatch_swap.c:3301
	glx/indirect_dispatch_swap.c:3331
	glx/indirect_dispatch_swap.c:3431
	glx/indirect_dispatch_swap.c:3454
	glx/indirect_dispatch_swap.c:3508
	glx/indirect_dispatch_swap.c:3538
	glx/indirect_dispatch_swap.c:3568
	glx/indirect_dispatch_swap.c:3598
	glx/indirect_dispatch_swap.c:3628
	glx/indirect_dispatch_swap.c:3658
	glx/indirect_dispatch_swap.c:3688
	glx/indirect_dispatch_swap.c:3718
	glx/indirect_dispatch_swap.c:3748
	glx/indirect_dispatch_swap.c:3778
	glx/indirect_dispatch_swap.c:3808
	glx/indirect_dispatch_swap.c:3838
	glx/indirect_dispatch_swap.c:3978
	glx/indirect_dispatch_swap.c:3986
	glx/indirect_dispatch_swap.c:4017
	glx/indirect_dispatch_swap.c:4025
	glx/indirect_dispatch_swap.c:4056
	glx/indirect_dispatch_swap.c:4064
	glx/indirect_dispatch_swap.c:4095
	glx/indirect_dispatch_swap.c:4103
	glx/indirect_dispatch_swap.c:4258
	glx/indirect_dispatch_swap.c:4302
	glx/indirect_dispatch_swap.c:4332
	glx/indirect_dispatch_swap.c:4392
	glx/indirect_dispatch_swap.c:4422
	glx/indirect_dispatch_swap.c:4451
	glx/indirect_dispatch_swap.c:4476
	glx/indirect_dispatch_swap.c:4511
	glx/indirect_dispatch_swap.c:4542
	glx/indirect_dispatch_swap.c:4573
	glx/indirect_dispatch_swap.c:4597
	glx/indirect_dispatch_swap.c:4621
	glx/indirect_dispatch_swap.c:4660
	glx/indirect_dispatch_swap.c:4668
	glx/indirect_dispatch_swap.c:4692
	glx/indirect_dispatch_swap.c:4724
	glx/indirect_dispatch_swap.c:4755
	glx/indirect_dispatch_swap.c:4785
	glx/indirect_dispatch_swap.c:4815
	glx/indirect_dispatch_swap.c:4845
	glx/indirect_dispatch_swap.c:4878
	glx/indirect_dispatch_swap.c:4910
	glx/indirect_dispatch_swap.c:4942
	glx/indirect_dispatch_swap.c:4949
	glx/indirect_dispatch_swap.c:4970
	glx/indirect_dispatch_swap.c:4998
	glx/indirect_dispatch_swap.c:5015
	glx/indirect_dispatch_swap.c:5034
	glx/indirect_dispatch_swap.c:5064
	glx/indirect_dispatch_swap.c:5077
	glx/indirect_dispatch_swap.c:5097
	glx/indirect_dispatch_swap.c:5143
	glx/indirect_dispatch_swap.c:5173
	glx/indirect_dispatch_swap.c:5196
	glx/indirect_dispatch_swap.c:5256
	glx/indirect_dispatch_swap.c:5286
	glx/indirect_dispatch_swap.c:5353
	glx/indirect_dispatch_swap.c:5363
	glx/indirect_dispatch_swap.c:5396
	glx/indirect_dispatch_swap.c:5427
	glx/indirect_dispatch_swap.c:5458
	glx/indirect_dispatch_swap.c:5489
	glx/indirect_dispatch_swap.c:5535
	glx/indirect_dispatch_swap.c:5576
	glx/indirect_dispatch_swap.c:5617
	glx/indirect_dispatch_swap.c:5658
	glx/indirect_dispatch_swap.c:5697
	glx/indirect_dispatch_swap.c:5754
	glx/indirect_dispatch_swap.c:5790
	glx/indirect_dispatch_swap.c:5843
	glx/indirect_dispatch_swap.c:5853
	glx/indirect_dispatch_swap.c:5917
	glx/indirect_dispatch_swap.c:5941
	glx/indirect_dispatch_swap.c:5971
	glx/indirect_dispatch_swap.c:5993
	glx/glxbyteorder.h:52
	glx/glxbyteorder.h:53
	glx/glxbyteorder.h:56
	glx/glxbyteorder.h:58
	include/eventstr.h:91
	include/eventstr.h:92
	include/eventstr.h:102
	include/eventstr.h:106
	include/eventstr.h:107
	include/eventstr.h:108
	include/eventstr.h:109
	include/eventstr.h:154
	include/eventstr.h:155
	include/eventstr.h:157
	include/eventstr.h:200
	include/eventstr.h:201
	include/eventstr.h:220
	miext/rootless/rootlessCommon.c:104
	miext/rootless/rootlessCommon.c:129
	miext/rootless/rootlessCommon.h:266
	hw/xwin/winmultiwindowicons.c:268
	hw/xwin/winmultiwindowicons.c:272
	hw/xwin/winmultiwindowicons.c:275
	hw/xwin/winmultiwindowicons.c:309
	hw/xwin/winmultiwindowicons.c:313
	hw/xwin/winmultiwindowicons.c:354
	hw/xwin/winmultiwindowicons.c:423
	hw/xwin/winmultiwindowicons.c:428
	hw/xwin/winprefslex.c:48
	hw/xwin/glx/indirect.c:992
	hw/xquartz/quartz.c:446
	hw/xquartz/applewmExt.h:48
	hw/xquartz/applewmExt.h:48
	hw/xquartz/quartz.h:129
	hw/xquartz/darwinEvents.c:568
	hw/xquartz/darwinEvents.c:568
	hw/xquartz/pbproxy/x-selection.m:240
	hw/xquartz/xpr/xprFrame.c:123
	hw/xquartz/xpr/xprCursor.c:70
	hw/xquartz/xpr/xprCursor.c:71
	hw/xquartz/xpr/xprCursor.c:75
	hw/xquartz/xpr/xprCursor.c:78
	hw/xquartz/xpr/xprCursor.c:93
	hw/xquartz/xpr/xprCursor.c:95
	hw/xquartz/xpr/xprCursor.c:95
	hw/xquartz/xpr/xprCursor.c:161
	hw/xquartz/xpr/xprScreen.c:115
	hw/xquartz/xpr/xprScreen.c:116
	hw/xquartz/xpr/xprScreen.c:116
	hw/dmx/config/scanner.c:48
	hw/xfree86/int10/xf86int10.c:650
	hw/xfree86/int10/xf86int10.c:651
	hw/xfree86/modes/xf86Crtc.c:2515
	hw/xfree86/common/compiler.h:236
	hw/xfree86/common/compiler.h:247
	hw/xfree86/common/compiler.h:247
	hw/xfree86/common/compiler.h:267
	hw/xfree86/common/compiler.h:267
	hw/xfree86/common/compiler.h:289
	hw/xfree86/common/compiler.h:289
	hw/xfree86/common/compiler.h:291
	hw/xfree86/common/compiler.h:309
	hw/xfree86/common/compiler.h:309
	hw/xfree86/common/compiler.h:311
autoscan: warning: missing AC_TYPE_UINT64_T wanted by: 
	glx/indirect_dispatch_swap.c:82
	glx/indirect_dispatch_swap.c:83
	glx/indirect_dispatch_swap.c:122
	glx/indirect_dispatch_swap.c:127
	glx/indirect_dispatch_swap.c:295
	glx/indirect_dispatch_swap.c:358
	glx/indirect_dispatch_swap.c:426
	glx/indirect_dispatch_swap.c:468
	glx/indirect_dispatch_swap.c:503
	glx/indirect_dispatch_swap.c:538
	glx/indirect_dispatch_swap.c:573
	glx/indirect_dispatch_swap.c:608
	glx/indirect_dispatch_swap.c:609
	glx/indirect_dispatch_swap.c:647
	glx/indirect_dispatch_swap.c:682
	glx/indirect_dispatch_swap.c:717
	glx/indirect_dispatch_swap.c:752
	glx/indirect_dispatch_swap.c:787
	glx/indirect_dispatch_swap.c:822
	glx/indirect_dispatch_swap.c:857
	glx/indirect_dispatch_swap.c:893
	glx/indirect_dispatch_swap.c:1337
	glx/indirect_dispatch_swap.c:1616
	glx/indirect_dispatch_swap.c:1637
	glx/indirect_dispatch_swap.c:1904
	glx/indirect_dispatch_swap.c:1933
	glx/indirect_dispatch_swap.c:2099
	glx/indirect_dispatch_swap.c:2398
	glx/indirect_dispatch_swap.c:2682
	glx/indirect_dispatch_swap.c:2710
	glx/indirect_dispatch_swap.c:3970
	glx/indirect_dispatch_swap.c:4009
	glx/indirect_dispatch_swap.c:4048
	glx/indirect_dispatch_swap.c:4087
	glx/indirect_dispatch_swap.c:4236
	glx/indirect_dispatch_swap.c:4280
	glx/indirect_dispatch_swap.c:4362
	glx/indirect_dispatch_swap.c:4442
	glx/indirect_dispatch_swap.c:4467
	glx/indirect_dispatch_swap.c:4503
	glx/indirect_dispatch_swap.c:4534
	glx/indirect_dispatch_swap.c:4565
	glx/indirect_dispatch_swap.c:4652
	glx/indirect_dispatch_swap.c:4935
	glx/indirect_dispatch_swap.c:4991
	glx/indirect_dispatch_swap.c:5120
	glx/indirect_dispatch_swap.c:5226
	glx/indirect_dispatch_swap.c:5341
	glx/indirect_dispatch_swap.c:5388
	glx/indirect_dispatch_swap.c:5419
	glx/indirect_dispatch_swap.c:5450
	glx/indirect_dispatch_swap.c:5481
	glx/indirect_dispatch_swap.c:5524
	glx/indirect_dispatch_swap.c:5565
	glx/indirect_dispatch_swap.c:5606
	glx/indirect_dispatch_swap.c:5647
	glx/indirect_dispatch_swap.c:5729
	glx/indirect_dispatch_swap.c:5778
	glx/glxbyteorder.h:56
	glx/glxbyteorder.h:58
	hw/xfree86/common/compiler.h:235
	hw/xfree86/common/compiler.h:241
	hw/xfree86/common/compiler.h:241
	hw/xfree86/common/compiler.h:261
	hw/xfree86/common/compiler.h:261
	hw/xfree86/common/compiler.h:282
	hw/xfree86/common/compiler.h:282
	hw/xfree86/common/compiler.h:284
	hw/xfree86/common/compiler.h:303
	hw/xfree86/common/compiler.h:303
	hw/xfree86/common/compiler.h:305
	hw/xfree86/common/xf86str.h:56
autoscan: warning: missing AC_TYPE_UINT8_T wanted by: 
	dix/Xserver-dtrace.h.in:62
	dix/Xserver-dtrace.h.in:63
	dix/Xserver-dtrace.h.in:66
	Xi/xipassivegrab.c:83
	Xi/xigrabdev.c:68
	include/eventstr.h:98
	include/eventstr.h:100
	include/eventstr.h:101
	include/eventstr.h:112
	include/eventstr.h:113
	include/eventstr.h:114
	include/eventstr.h:115
	include/eventstr.h:158
	include/eventstr.h:204
	hw/xwin/winprefslex.c:44
	hw/xquartz/xpr/xprCursor.c:76
	hw/xquartz/xpr/xprCursor.c:77
	hw/xquartz/xpr/xprCursor.c:137
	hw/dmx/config/scanner.c:44
